Using pre-set license
Built from '2020.3/china_unity/release' branch; Version is '2020.3.24f1c2 (f3616f7ef48a) revision 15950191'; Using compiler version '192528614'; Build Type 'Release'
OS: 'Windows 11  (10.0.22000) 64bit Core' Language: 'zh' Physical Memory: 32176 MB
BatchMode: 1, IsHumanControllingUs: 0, StartBugReporterOnCrash: 0, Is64bit: 1, IsPro: 0

COMMAND LINE ARGUMENTS:
C:\Program Files\Unity\Hub\Editor\2020.3.24f1c2\Editor\Unity.exe
-adb2
-batchMode
-noUpm
-name
AssetImportWorker0
-projectPath
C:/1-Study/Unity Projects/Git-Outdoor/Outdoor
-logFile
Logs/AssetImportWorker0.log
-srvPort
49369
Successfully changed project path to: C:/1-Study/Unity Projects/Git-Outdoor/Outdoor
C:/1-Study/Unity Projects/Git-Outdoor/Outdoor
Using Asset Import Pipeline V2.
AS: AutoStreaming module initializing.Refreshing native plugins compatible for Editor in 58.22 ms, found 3 plugins.
Preloading 0 native plugins for Editor in 0.00 ms.
Initialize engine version: 2020.3.24f1c2 (f3616f7ef48a)
[Subsystems] Discovering subsystems at path C:/Program Files/Unity/Hub/Editor/2020.3.24f1c2/Editor/Data/Resources/UnitySubsystems
[Subsystems] Discovering subsystems at path C:/1-Study/Unity Projects/Git-Outdoor/Outdoor/Assets
GfxDevice: creating device client; threaded=0
Direct3D:
    Version:  Direct3D 11.0 [level 11.1]
    Renderer: NVIDIA GeForce RTX 3070 Laptop GPU (ID=0x249d)
    Vendor:   
    VRAM:     8044 MB
    Driver:   30.0.15.1123
Initialize mono
Mono path[0] = 'C:/Program Files/Unity/Hub/Editor/2020.3.24f1c2/Editor/Data/Managed'
Mono path[1] = 'C:/Program Files/Unity/Hub/Editor/2020.3.24f1c2/Editor/Data/MonoBleedingEdge/lib/mono/unityjit'
Mono config path = 'C:/Program Files/Unity/Hub/Editor/2020.3.24f1c2/Editor/Data/MonoBleedingEdge/etc'
Using monoOptions --debugger-agent=transport=dt_socket,embedding=1,server=y,suspend=n,address=127.0.0.1:56792
Begin MonoManager ReloadAssembly
Registering precompiled unity dll's ...
Register platform support module: C:/Program Files/Unity/Hub/Editor/2020.3.24f1c2/Editor/Data/PlaybackEngines/WebGLSupport/UnityEditor.WebGL.Extensions.dll
Register platform support module: C:/Program Files/Unity/Hub/Editor/2020.3.24f1c2/Editor/Data/PlaybackEngines/WindowsStandaloneSupport/UnityEditor.WindowsStandalone.Extensions.dll
Registered in 0.001692 seconds.
Native extension for WindowsStandalone target not found
Native extension for WebGL target not found
Refreshing native plugins compatible for Editor in 57.65 ms, found 3 plugins.
Preloading 0 native plugins for Editor in 0.00 ms.
Mono: successfully reloaded assembly
- Completed reload, in  0.558 seconds
Domain Reload Profiling:
	ReloadAssembly (559ms)
		BeginReloadAssembly (48ms)
			ExecutionOrderSort (0ms)
			DisableScriptedObjects (0ms)
			BackupInstance (0ms)
			ReleaseScriptingObjects (0ms)
			CreateAndSetChildDomain (1ms)
		EndReloadAssembly (446ms)
			LoadAssemblies (46ms)
			RebuildTransferFunctionScriptingTraits (0ms)
			SetupTypeCache (134ms)
			ReleaseScriptCaches (0ms)
			RebuildScriptCaches (25ms)
			SetupLoadedEditorAssemblies (180ms)
				LogAssemblyErrors (0ms)
				InitializePlatformSupportModulesInManaged (5ms)
				SetLoadedEditorAssemblies (0ms)
				RefreshPlugins (58ms)
				BeforeProcessingInitializeOnLoad (17ms)
				ProcessInitializeOnLoadAttributes (74ms)
				ProcessInitializeOnLoadMethodAttributes (27ms)
				AfterProcessingInitializeOnLoad (0ms)
				EditorAssembliesLoaded (0ms)
			ExecutionOrderSort2 (0ms)
			AwakeInstancesAfterBackupRestoration (0ms)
Platform modules already initialized, skipping
Registering precompiled user dll's ...
Registered in 0.004807 seconds.
Begin MonoManager ReloadAssembly
Native extension for WindowsStandalone target not found
Native extension for WebGL target not found
Refreshing native plugins compatible for Editor in 56.47 ms, found 3 plugins.
Preloading 0 native plugins for Editor in 0.00 ms.
Mono: successfully reloaded assembly
- Completed reload, in  1.094 seconds
Domain Reload Profiling:
	ReloadAssembly (1095ms)
		BeginReloadAssembly (123ms)
			ExecutionOrderSort (0ms)
			DisableScriptedObjects (5ms)
			BackupInstance (0ms)
			ReleaseScriptingObjects (0ms)
			CreateAndSetChildDomain (22ms)
		EndReloadAssembly (917ms)
			LoadAssemblies (80ms)
			RebuildTransferFunctionScriptingTraits (0ms)
			SetupTypeCache (274ms)
			ReleaseScriptCaches (1ms)
			RebuildScriptCaches (48ms)
			SetupLoadedEditorAssemblies (409ms)
				LogAssemblyErrors (0ms)
				InitializePlatformSupportModulesInManaged (5ms)
				SetLoadedEditorAssemblies (0ms)
				RefreshPlugins (57ms)
				BeforeProcessingInitializeOnLoad (68ms)
				ProcessInitializeOnLoadAttributes (264ms)
				ProcessInitializeOnLoadMethodAttributes (10ms)
				AfterProcessingInitializeOnLoad (5ms)
				EditorAssembliesLoaded (0ms)
			ExecutionOrderSort2 (0ms)
			AwakeInstancesAfterBackupRestoration (6ms)
Platform modules already initialized, skipping
========================================================================
Worker process is ready to serve import requests
Launched and connected shader compiler UnityShaderCompiler.exe after 0.05 seconds
Refreshing native plugins compatible for Editor in 1.14 ms, found 3 plugins.
Preloading 0 native plugins for Editor in 0.00 ms.
Unloading 2334 Unused Serialized files (Serialized files now loaded: 0)
System memory in use before: 153.3 MB.
System memory in use after: 153.5 MB.

Unloading 25 unused Assets to reduce memory usage. Loaded Objects now: 2803.
Total: 4.953000 ms (FindLiveObjects: 0.380300 ms CreateObjectMapping: 0.216500 ms MarkObjects: 4.229500 ms  DeleteObjects: 0.125300 ms)

AssetImportParameters requested are different than current active one (requested -> active):
  custom:framework-win-MediaFoundation: 216162199b28c13a410421893ffa2e32 -> 
  custom:video-decoder-ogg-theora: a1e56fd34408186e4bbccfd4996cb3dc -> 
  custom:container-muxer-webm: aa71ff27fc2769a1b78a27578f13a17b -> 
  custom:container-demuxer-webm: 4f35f7cbe854078d1ac9338744f61a02 -> 
  custom:container-demuxer-ogg: 62fdf1f143b41e24485cea50d1cbac27 -> 
  custom:video-encoder-webm-vp8: eb34c28f22e8b96e1ab97ce403110664 -> 
  custom:video-codec-MediaFoundation-h265: 746d11721c4dcdbdad8f713fa42b33f4 -> 
  custom:video-decoder-webm-vp8: 9c59270c3fd7afecdb556c50c9e8de78 -> 
  custom:audio-decoder-ogg-vorbis: bf7c407c2cedff20999df2af8eb42d56 -> 
  custom:audio-encoder-webm-vorbis: bf7c407c2cedff20999df2af8eb42d56 -> 
========================================================================
Received Import Request.
  path: Assets/UniStorm (Desktop)/Demo Objects/Prefabs/Buildings
  artifactKey: Guid(73dcb1b0dfc4bde4ca0b9ec27a816f8a) Importer(815301076,1909f56bfc062723c751e8b465ee728b)
Start importing Assets/UniStorm (Desktop)/Demo Objects/Prefabs/Buildings using Guid(73dcb1b0dfc4bde4ca0b9ec27a816f8a) Importer(815301076,1909f56bfc062723c751e8b465ee728b)  -> (artifact id: 'b37ea153c5c47153d16b45f25d182736') in 0.012045 seconds 
  Import took 0.017142 seconds .

========================================================================
Received Import Request.
  Time since last request: 0.000173 seconds.
  path: Assets/UniStorm (Desktop)/Demo Objects
  artifactKey: Guid(e31efa6d85d922e488fc4b4d7738479a) Importer(815301076,1909f56bfc062723c751e8b465ee728b)
Start importing Assets/UniStorm (Desktop)/Demo Objects using Guid(e31efa6d85d922e488fc4b4d7738479a) Importer(815301076,1909f56bfc062723c751e8b465ee728b)  -> (artifact id: '7430266f612eebe7b4ab1d38dcc867e9') in 0.007558 seconds 
  Import took 0.011574 seconds .

========================================================================
Received Import Request.
  Time since last request: 0.000245 seconds.
  path: Assets/UniStorm (Desktop)/Demo Objects/Prefabs/Buildings/pf_build_big_storage_01.prefab
  artifactKey: Guid(0b6b9334267df6640933e6446a286d80) Importer(815301076,1909f56bfc062723c751e8b465ee728b)
Start importing Assets/UniStorm (Desktop)/Demo Objects/Prefabs/Buildings/pf_build_big_storage_01.prefab using Guid(0b6b9334267df6640933e6446a286d80) Importer(815301076,1909f56bfc062723c751e8b465ee728b)  -> (artifact id: '6f7ed78f9a933918b793db6fb305cf98') in 0.056398 seconds 
  Import took 0.060456 seconds .

========================================================================
Received Import Request.
  Time since last request: 0.000168 seconds.
  path: Assets/UniStorm (Desktop)/Demo Objects/Prefabs
  artifactKey: Guid(448d18a5ba7b6714f807b75c55bc62ec) Importer(815301076,1909f56bfc062723c751e8b465ee728b)
Start importing Assets/UniStorm (Desktop)/Demo Objects/Prefabs using Guid(448d18a5ba7b6714f807b75c55bc62ec) Importer(815301076,1909f56bfc062723c751e8b465ee728b)  -> (artifact id: '75d477d0efdd59b37ecd33d13040dbd6') in 0.007894 seconds 
  Import took 0.011794 seconds .

========================================================================
Received Import Request.
  Time since last request: 11.412528 seconds.
  path: Assets/UniStorm (Desktop)/Sky Domes
  artifactKey: Guid(e6a7869f9bc7d7e47ba1e6e44b0b9054) Importer(815301076,1909f56bfc062723c751e8b465ee728b)
Start importing Assets/UniStorm (Desktop)/Sky Domes using Guid(e6a7869f9bc7d7e47ba1e6e44b0b9054) Importer(815301076,1909f56bfc062723c751e8b465ee728b)  -> (artifact id: 'cf96272e219a18bd20bd01d00c419392') in 0.007061 seconds 
  Import took 0.011045 seconds .

========================================================================
Received Import Request.
  Time since last request: 1.083088 seconds.
  path: Assets/UniStorm (Desktop)/Sky Domes/Materials
  artifactKey: Guid(908425e307d0f9c468dcf8c2c6edc983) Importer(815301076,1909f56bfc062723c751e8b465ee728b)
Start importing Assets/UniStorm (Desktop)/Sky Domes/Materials using Guid(908425e307d0f9c468dcf8c2c6edc983) Importer(815301076,1909f56bfc062723c751e8b465ee728b)  -> (artifact id: '252ec409dff7ae802df509084811188d') in 0.006211 seconds 
  Import took 0.009848 seconds .

========================================================================
Received Import Request.
  Time since last request: 0.449696 seconds.
  path: Assets/UniStorm (Desktop)/Sky Domes/CloudDome.FBX
  artifactKey: Guid(209912f69ca745d47ab5145d33601d7a) Importer(815301076,1909f56bfc062723c751e8b465ee728b)
Start importing Assets/UniStorm (Desktop)/Sky Domes/CloudDome.FBX using Guid(209912f69ca745d47ab5145d33601d7a) Importer(815301076,1909f56bfc062723c751e8b465ee728b)  -> (artifact id: '86c759dc8bdc79afaa4dd0d3e74d7d81') in 0.096322 seconds 
  Import took 0.100082 seconds .

========================================================================
Received Import Request.
  Time since last request: 13.236274 seconds.
  path: Assets/UniStorm (Mobile)/Sounds (Mobile)
  artifactKey: Guid(23545e8d5df912f4d940f2c07ff5e19c) Importer(815301076,1909f56bfc062723c751e8b465ee728b)
Start importing Assets/UniStorm (Mobile)/Sounds (Mobile) using Guid(23545e8d5df912f4d940f2c07ff5e19c) Importer(815301076,1909f56bfc062723c751e8b465ee728b)  -> (artifact id: 'b1a224d2885f30326e3773ed9eb33dfc') in 0.006588 seconds 
  Import took 0.010131 seconds .

========================================================================
Received Import Request.
  Time since last request: 1.037738 seconds.
  path: Assets/UniStorm (Mobile)/Sounds (Mobile)/Thunder
  artifactKey: Guid(5ac11eb75c6c1a144b25bde435b4d027) Importer(815301076,1909f56bfc062723c751e8b465ee728b)
Start importing Assets/UniStorm (Mobile)/Sounds (Mobile)/Thunder using Guid(5ac11eb75c6c1a144b25bde435b4d027) Importer(815301076,1909f56bfc062723c751e8b465ee728b)  -> (artifact id: '1e2f06582375dc1f729c8f992950772f') in 0.006504 seconds 
  Import took 0.010329 seconds .

========================================================================
Received Import Request.
  Time since last request: 3.146568 seconds.
  path: Assets/UniStorm (Mobile)/SkyDomes (Mobile)
  artifactKey: Guid(60842bed4f94dd940be59469df0d1211) Importer(815301076,1909f56bfc062723c751e8b465ee728b)
Start importing Assets/UniStorm (Mobile)/SkyDomes (Mobile) using Guid(60842bed4f94dd940be59469df0d1211) Importer(815301076,1909f56bfc062723c751e8b465ee728b)  -> (artifact id: '16c003b998d8a094409679d9ad1ba00d') in 0.006698 seconds 
  Import took 0.010208 seconds .

========================================================================
Received Import Request.
  Time since last request: 0.333629 seconds.
  path: Assets/UniStorm (Mobile)/Scripts (Mobile)
  artifactKey: Guid(daa409bf74c1f404db804753b8c6a845) Importer(815301076,1909f56bfc062723c751e8b465ee728b)
Start importing Assets/UniStorm (Mobile)/Scripts (Mobile) using Guid(daa409bf74c1f404db804753b8c6a845) Importer(815301076,1909f56bfc062723c751e8b465ee728b)  -> (artifact id: '9baa60d299c9c87c5e77043a231c1433') in 0.006524 seconds 
  Import took 0.010791 seconds .

========================================================================
Received Import Request.
  Time since last request: 1.230752 seconds.
  path: Assets/UniStorm (Mobile)/Scripts (Mobile)/Editor
  artifactKey: Guid(11b50c8afd048854b9c4c1ecbea3f6d2) Importer(815301076,1909f56bfc062723c751e8b465ee728b)
Start importing Assets/UniStorm (Mobile)/Scripts (Mobile)/Editor using Guid(11b50c8afd048854b9c4c1ecbea3f6d2) Importer(815301076,1909f56bfc062723c751e8b465ee728b)  -> (artifact id: 'fe61991aae36b0c1b31b4d0be6eef8c0') in 0.007116 seconds 
  Import took 0.011848 seconds .

========================================================================
Received Import Request.
  Time since last request: 26.706870 seconds.
  path: Assets/UniStorm (Mobile)/Prefabs (Mobile)
  artifactKey: Guid(8ca168df380847249836920427ca7275) Importer(815301076,1909f56bfc062723c751e8b465ee728b)
Start importing Assets/UniStorm (Mobile)/Prefabs (Mobile) using Guid(8ca168df380847249836920427ca7275) Importer(815301076,1909f56bfc062723c751e8b465ee728b)  -> (artifact id: '7d933b9de1ebbed7a1e48f4a05eef170') in 0.006770 seconds 
  Import took 0.010245 seconds .

========================================================================
Received Import Request.
  Time since last request: 2.393859 seconds.
  path: Assets/UniStorm (Mobile)/Materials_Textures (Mobile)
  artifactKey: Guid(23bdfd3ca265b714eac8558f22f579b7) Importer(815301076,1909f56bfc062723c751e8b465ee728b)
Start importing Assets/UniStorm (Mobile)/Materials_Textures (Mobile) using Guid(23bdfd3ca265b714eac8558f22f579b7) Importer(815301076,1909f56bfc062723c751e8b465ee728b)  -> (artifact id: 'cf56b95e77f81ae4808c60799cb157bf') in 0.006564 seconds 
  Import took 0.010031 seconds .

========================================================================
Received Import Request.
  Time since last request: 0.345237 seconds.
  path: Assets/UniStorm (Mobile)/Documentation
  artifactKey: Guid(840cdf875aaf2cf48be28ced59dfb478) Importer(815301076,1909f56bfc062723c751e8b465ee728b)
Start importing Assets/UniStorm (Mobile)/Documentation using Guid(840cdf875aaf2cf48be28ced59dfb478) Importer(815301076,1909f56bfc062723c751e8b465ee728b)  -> (artifact id: '4a02def0e76a1881c3d6faaab57d56f3') in 0.007069 seconds 
  Import took 0.011043 seconds .

========================================================================
Received Import Request.
  Time since last request: 1.273022 seconds.
  path: Assets/UniStorm (Mobile)/Documentation/UniStorm Mobile Documentation.pdf
  artifactKey: Guid(ad28175209af44144a2bd4134d023ae7) Importer(815301076,1909f56bfc062723c751e8b465ee728b)
Start importing Assets/UniStorm (Mobile)/Documentation/UniStorm Mobile Documentation.pdf using Guid(ad28175209af44144a2bd4134d023ae7) Importer(815301076,1909f56bfc062723c751e8b465ee728b)  -> (artifact id: 'dcb4e59a7caa6870f1a3c1f4f5c9495c') in 0.010466 seconds 
  Import took 0.015078 seconds .

========================================================================
Received Prepare
Refreshing native plugins compatible for Editor in 4.04 ms, found 3 plugins.
Preloading 0 native plugins for Editor in 0.00 ms.
Unloading 15 Unused Serialized files (Serialized files now loaded: 0)
System memory in use before: 100.3 MB.
System memory in use after: 100.5 MB.

Unloading 15 unused Assets to reduce memory usage. Loaded Objects now: 2813.
Total: 4.362700 ms (FindLiveObjects: 0.294700 ms CreateObjectMapping: 0.146700 ms MarkObjects: 3.877100 ms  DeleteObjects: 0.042600 ms)

AssetImportParameters requested are different than current active one (requested -> active):
  custom:framework-win-MediaFoundation: 216162199b28c13a410421893ffa2e32 -> 
  custom:video-decoder-ogg-theora: a1e56fd34408186e4bbccfd4996cb3dc -> 
  custom:container-muxer-webm: aa71ff27fc2769a1b78a27578f13a17b -> 
  custom:container-demuxer-webm: 4f35f7cbe854078d1ac9338744f61a02 -> 
  custom:container-demuxer-ogg: 62fdf1f143b41e24485cea50d1cbac27 -> 
  custom:video-encoder-webm-vp8: eb34c28f22e8b96e1ab97ce403110664 -> 
  custom:video-codec-MediaFoundation-h265: 746d11721c4dcdbdad8f713fa42b33f4 -> 
  custom:video-decoder-webm-vp8: 9c59270c3fd7afecdb556c50c9e8de78 -> 
  custom:audio-decoder-ogg-vorbis: bf7c407c2cedff20999df2af8eb42d56 -> 
  custom:audio-encoder-webm-vorbis: bf7c407c2cedff20999df2af8eb42d56 -> 
========================================================================
Received Import Request.
  Time since last request: 38.767483 seconds.
  path: Assets/Scenes/Weather Test Scene.unity
  artifactKey: Guid(3baba34b9195bc7429a3153c755c559d) Importer(815301076,1909f56bfc062723c751e8b465ee728b)
Start importing Assets/Scenes/Weather Test Scene.unity using Guid(3baba34b9195bc7429a3153c755c559d) Importer(815301076,1909f56bfc062723c751e8b465ee728b)  -> (artifact id: 'e857e33b9d2ac94bb974bfd2f60ab2ca') in 0.021059 seconds 
  Import took 0.025341 seconds .

========================================================================
Received Prepare
Registering precompiled user dll's ...
Registered in 0.003596 seconds.
Begin MonoManager ReloadAssembly
Native extension for WindowsStandalone target not found
Native extension for WebGL target not found
Refreshing native plugins compatible for Editor in 0.64 ms, found 3 plugins.
Preloading 0 native plugins for Editor in 0.00 ms.
Mono: successfully reloaded assembly
- Completed reload, in  0.724 seconds
Domain Reload Profiling:
	ReloadAssembly (725ms)
		BeginReloadAssembly (91ms)
			ExecutionOrderSort (0ms)
			DisableScriptedObjects (3ms)
			BackupInstance (0ms)
			ReleaseScriptingObjects (0ms)
			CreateAndSetChildDomain (29ms)
		EndReloadAssembly (591ms)
			LoadAssemblies (63ms)
			RebuildTransferFunctionScriptingTraits (0ms)
			SetupTypeCache (192ms)
			ReleaseScriptCaches (1ms)
			RebuildScriptCaches (26ms)
			SetupLoadedEditorAssemblies (237ms)
				LogAssemblyErrors (0ms)
				InitializePlatformSupportModulesInManaged (3ms)
				SetLoadedEditorAssemblies (0ms)
				RefreshPlugins (1ms)
				BeforeProcessingInitializeOnLoad (50ms)
				ProcessInitializeOnLoadAttributes (171ms)
				ProcessInitializeOnLoadMethodAttributes (8ms)
				AfterProcessingInitializeOnLoad (4ms)
				EditorAssembliesLoaded (0ms)
			ExecutionOrderSort2 (0ms)
			AwakeInstancesAfterBackupRestoration (5ms)
Platform modules already initialized, skipping
Switching build target platform(19) subTarget(0) extendedPlatform(0) -> platform(9) subTarget(16777218) extendedPlatform(0)
Refreshing native plugins compatible for Editor in 0.64 ms, found 3 plugins.
Preloading 0 native plugins for Editor in 0.00 ms.
Unloading 2205 Unused Serialized files (Serialized files now loaded: 0)
System memory in use before: 139.3 MB.
System memory in use after: 139.5 MB.

Unloading 18 unused Assets to reduce memory usage. Loaded Objects now: 2815.
Total: 3.234500 ms (FindLiveObjects: 0.219000 ms CreateObjectMapping: 0.095600 ms MarkObjects: 2.901900 ms  DeleteObjects: 0.017000 ms)

AssetImportParameters requested are different than current active one (requested -> active):
  custom:framework-win-MediaFoundation: 216162199b28c13a410421893ffa2e32 -> 
  custom:video-decoder-ogg-theora: a1e56fd34408186e4bbccfd4996cb3dc -> 
  custom:container-muxer-webm: aa71ff27fc2769a1b78a27578f13a17b -> 
  custom:container-demuxer-webm: 4f35f7cbe854078d1ac9338744f61a02 -> 
  custom:container-demuxer-ogg: 62fdf1f143b41e24485cea50d1cbac27 -> 
  custom:video-encoder-webm-vp8: eb34c28f22e8b96e1ab97ce403110664 -> 
  custom:video-codec-MediaFoundation-h265: 746d11721c4dcdbdad8f713fa42b33f4 -> 
  custom:video-decoder-webm-vp8: 9c59270c3fd7afecdb556c50c9e8de78 -> 
  custom:graphics/normal-map-encoding: 01000000000000000000000000000000 -> 02000000000000000000000000000000
  custom:audio-decoder-ogg-vorbis: bf7c407c2cedff20999df2af8eb42d56 -> 
  custom:audio-encoder-webm-vorbis: bf7c407c2cedff20999df2af8eb42d56 -> 
========================================================================
Received Import Request.
  Time since last request: 462.085390 seconds.
  path: Assets/Scripts
  artifactKey: Guid(ab8e77fd2dee83b43a07e1fa4003ca65) Importer(815301076,1909f56bfc062723c751e8b465ee728b)
Start importing Assets/Scripts using Guid(ab8e77fd2dee83b43a07e1fa4003ca65) Importer(815301076,1909f56bfc062723c751e8b465ee728b)  -> (artifact id: 'a0573530ea69bfb15841d16d5d8fdf5e') in 0.010707 seconds 
  Import took 0.014534 seconds .

========================================================================
Received Import Request.
  Time since last request: 6.585433 seconds.
  path: Assets/_TerrainAutoUpgrade
  artifactKey: Guid(c0523439252c3eb44bab1e8fbec5eb83) Importer(815301076,1909f56bfc062723c751e8b465ee728b)
Start importing Assets/_TerrainAutoUpgrade using Guid(c0523439252c3eb44bab1e8fbec5eb83) Importer(815301076,1909f56bfc062723c751e8b465ee728b)  -> (artifact id: 'c1e8588bdcca8ea42f09ceee9f8f74d4') in 0.006279 seconds 
  Import took 0.009700 seconds .

========================================================================
Received Import Request.
  Time since last request: 9.305835 seconds.
  path: Assets/Weather Assets
  artifactKey: Guid(b366ee827ecaf8942abc719e8cb631ef) Importer(815301076,1909f56bfc062723c751e8b465ee728b)
Start importing Assets/Weather Assets using Guid(b366ee827ecaf8942abc719e8cb631ef) Importer(815301076,1909f56bfc062723c751e8b465ee728b)  -> (artifact id: 'c8847eaa2e4e9e0bc0d7b8c2cf8a03d4') in 0.006708 seconds 
  Import took 0.010161 seconds .

========================================================================
Received Prepare
Registering precompiled user dll's ...
Registered in 0.003553 seconds.
Begin MonoManager ReloadAssembly
Native extension for WindowsStandalone target not found
Native extension for WebGL target not found
Refreshing native plugins compatible for Editor in 0.66 ms, found 3 plugins.
Preloading 0 native plugins for Editor in 0.00 ms.
Mono: successfully reloaded assembly
- Completed reload, in  0.783 seconds
Domain Reload Profiling:
	ReloadAssembly (784ms)
		BeginReloadAssembly (86ms)
			ExecutionOrderSort (0ms)
			DisableScriptedObjects (3ms)
			BackupInstance (0ms)
			ReleaseScriptingObjects (0ms)
			CreateAndSetChildDomain (29ms)
		EndReloadAssembly (654ms)
			LoadAssemblies (63ms)
			RebuildTransferFunctionScriptingTraits (0ms)
			SetupTypeCache (222ms)
			ReleaseScriptCaches (1ms)
			RebuildScriptCaches (35ms)
			SetupLoadedEditorAssemblies (247ms)
				LogAssemblyErrors (0ms)
				InitializePlatformSupportModulesInManaged (4ms)
				SetLoadedEditorAssemblies (0ms)
				RefreshPlugins (1ms)
				BeforeProcessingInitializeOnLoad (54ms)
				ProcessInitializeOnLoadAttributes (176ms)
				ProcessInitializeOnLoadMethodAttributes (8ms)
				AfterProcessingInitializeOnLoad (4ms)
				EditorAssembliesLoaded (0ms)
			ExecutionOrderSort2 (0ms)
			AwakeInstancesAfterBackupRestoration (4ms)
Platform modules already initialized, skipping
Switching build target platform(19) subTarget(0) extendedPlatform(0) -> platform(9) subTarget(16777218) extendedPlatform(0)
Refreshing native plugins compatible for Editor in 0.64 ms, found 3 plugins.
Preloading 0 native plugins for Editor in 0.00 ms.
Unloading 2205 Unused Serialized files (Serialized files now loaded: 0)
System memory in use before: 139.3 MB.
System memory in use after: 139.5 MB.

Unloading 18 unused Assets to reduce memory usage. Loaded Objects now: 2817.
Total: 2.975400 ms (FindLiveObjects: 0.229200 ms CreateObjectMapping: 0.086300 ms MarkObjects: 2.642200 ms  DeleteObjects: 0.016700 ms)

AssetImportParameters requested are different than current active one (requested -> active):
  custom:framework-win-MediaFoundation: 216162199b28c13a410421893ffa2e32 -> 
  custom:video-decoder-ogg-theora: a1e56fd34408186e4bbccfd4996cb3dc -> 
  custom:container-muxer-webm: aa71ff27fc2769a1b78a27578f13a17b -> 
  custom:container-demuxer-webm: 4f35f7cbe854078d1ac9338744f61a02 -> 
  custom:container-demuxer-ogg: 62fdf1f143b41e24485cea50d1cbac27 -> 
  custom:video-encoder-webm-vp8: eb34c28f22e8b96e1ab97ce403110664 -> 
  custom:video-codec-MediaFoundation-h265: 746d11721c4dcdbdad8f713fa42b33f4 -> 
  custom:video-decoder-webm-vp8: 9c59270c3fd7afecdb556c50c9e8de78 -> 
  custom:graphics/normal-map-encoding: 01000000000000000000000000000000 -> 02000000000000000000000000000000
  custom:audio-decoder-ogg-vorbis: bf7c407c2cedff20999df2af8eb42d56 -> 
  custom:audio-encoder-webm-vorbis: bf7c407c2cedff20999df2af8eb42d56 -> 
========================================================================
Received Prepare
Registering precompiled user dll's ...
Registered in 0.003543 seconds.
Begin MonoManager ReloadAssembly
Native extension for WindowsStandalone target not found
Native extension for WebGL target not found
Refreshing native plugins compatible for Editor in 0.70 ms, found 3 plugins.
Preloading 0 native plugins for Editor in 0.00 ms.
Mono: successfully reloaded assembly
- Completed reload, in  0.771 seconds
Domain Reload Profiling:
	ReloadAssembly (771ms)
		BeginReloadAssembly (87ms)
			ExecutionOrderSort (0ms)
			DisableScriptedObjects (3ms)
			BackupInstance (0ms)
			ReleaseScriptingObjects (0ms)
			CreateAndSetChildDomain (29ms)
		EndReloadAssembly (639ms)
			LoadAssemblies (64ms)
			RebuildTransferFunctionScriptingTraits (0ms)
			SetupTypeCache (205ms)
			ReleaseScriptCaches (1ms)
			RebuildScriptCaches (28ms)
			SetupLoadedEditorAssemblies (250ms)
				LogAssemblyErrors (0ms)
				InitializePlatformSupportModulesInManaged (4ms)
				SetLoadedEditorAssemblies (0ms)
				RefreshPlugins (1ms)
				BeforeProcessingInitializeOnLoad (52ms)
				ProcessInitializeOnLoadAttributes (181ms)
				ProcessInitializeOnLoadMethodAttributes (9ms)
				AfterProcessingInitializeOnLoad (4ms)
				EditorAssembliesLoaded (0ms)
			ExecutionOrderSort2 (0ms)
			AwakeInstancesAfterBackupRestoration (5ms)
Platform modules already initialized, skipping
Switching build target platform(19) subTarget(0) extendedPlatform(0) -> platform(9) subTarget(16777218) extendedPlatform(0)
Refreshing native plugins compatible for Editor in 0.67 ms, found 3 plugins.
Preloading 0 native plugins for Editor in 0.00 ms.
Unloading 2205 Unused Serialized files (Serialized files now loaded: 0)
System memory in use before: 139.3 MB.
System memory in use after: 139.6 MB.

Unloading 18 unused Assets to reduce memory usage. Loaded Objects now: 2819.
Total: 3.023000 ms (FindLiveObjects: 0.293400 ms CreateObjectMapping: 0.070300 ms MarkObjects: 2.643100 ms  DeleteObjects: 0.015200 ms)

AssetImportParameters requested are different than current active one (requested -> active):
  custom:framework-win-MediaFoundation: 216162199b28c13a410421893ffa2e32 -> 
  custom:video-decoder-ogg-theora: a1e56fd34408186e4bbccfd4996cb3dc -> 
  custom:container-muxer-webm: aa71ff27fc2769a1b78a27578f13a17b -> 
  custom:container-demuxer-webm: 4f35f7cbe854078d1ac9338744f61a02 -> 
  custom:container-demuxer-ogg: 62fdf1f143b41e24485cea50d1cbac27 -> 
  custom:video-encoder-webm-vp8: eb34c28f22e8b96e1ab97ce403110664 -> 
  custom:video-codec-MediaFoundation-h265: 746d11721c4dcdbdad8f713fa42b33f4 -> 
  custom:video-decoder-webm-vp8: 9c59270c3fd7afecdb556c50c9e8de78 -> 
  custom:graphics/normal-map-encoding: 01000000000000000000000000000000 -> 02000000000000000000000000000000
  custom:audio-decoder-ogg-vorbis: bf7c407c2cedff20999df2af8eb42d56 -> 
  custom:audio-encoder-webm-vorbis: bf7c407c2cedff20999df2af8eb42d56 -> 
========================================================================
Received Prepare
Registering precompiled user dll's ...
Registered in 0.003544 seconds.
Begin MonoManager ReloadAssembly
Native extension for WindowsStandalone target not found
Native extension for WebGL target not found
Refreshing native plugins compatible for Editor in 0.86 ms, found 3 plugins.
Preloading 0 native plugins for Editor in 0.00 ms.
Mono: successfully reloaded assembly
- Completed reload, in  0.775 seconds
Domain Reload Profiling:
	ReloadAssembly (776ms)
		BeginReloadAssembly (86ms)
			ExecutionOrderSort (0ms)
			DisableScriptedObjects (3ms)
			BackupInstance (0ms)
			ReleaseScriptingObjects (0ms)
			CreateAndSetChildDomain (28ms)
		EndReloadAssembly (646ms)
			LoadAssemblies (64ms)
			RebuildTransferFunctionScriptingTraits (0ms)
			SetupTypeCache (203ms)
			ReleaseScriptCaches (1ms)
			RebuildScriptCaches (31ms)
			SetupLoadedEditorAssemblies (256ms)
				LogAssemblyErrors (0ms)
				InitializePlatformSupportModulesInManaged (4ms)
				SetLoadedEditorAssemblies (0ms)
				RefreshPlugins (1ms)
				BeforeProcessingInitializeOnLoad (58ms)
				ProcessInitializeOnLoadAttributes (180ms)
				ProcessInitializeOnLoadMethodAttributes (10ms)
				AfterProcessingInitializeOnLoad (4ms)
				EditorAssembliesLoaded (0ms)
			ExecutionOrderSort2 (0ms)
			AwakeInstancesAfterBackupRestoration (5ms)
Platform modules already initialized, skipping
Switching build target platform(19) subTarget(0) extendedPlatform(0) -> platform(9) subTarget(16777218) extendedPlatform(0)
Refreshing native plugins compatible for Editor in 0.65 ms, found 3 plugins.
Preloading 0 native plugins for Editor in 0.00 ms.
Unloading 2206 Unused Serialized files (Serialized files now loaded: 0)
System memory in use before: 139.4 MB.
System memory in use after: 139.6 MB.

Unloading 18 unused Assets to reduce memory usage. Loaded Objects now: 2822.
Total: 3.113000 ms (FindLiveObjects: 0.312800 ms CreateObjectMapping: 0.120500 ms MarkObjects: 2.662100 ms  DeleteObjects: 0.016800 ms)

AssetImportParameters requested are different than current active one (requested -> active):
  custom:framework-win-MediaFoundation: 216162199b28c13a410421893ffa2e32 -> 
  custom:video-decoder-ogg-theora: a1e56fd34408186e4bbccfd4996cb3dc -> 
  custom:container-muxer-webm: aa71ff27fc2769a1b78a27578f13a17b -> 
  custom:container-demuxer-webm: 4f35f7cbe854078d1ac9338744f61a02 -> 
  custom:container-demuxer-ogg: 62fdf1f143b41e24485cea50d1cbac27 -> 
  custom:video-encoder-webm-vp8: eb34c28f22e8b96e1ab97ce403110664 -> 
  custom:video-codec-MediaFoundation-h265: 746d11721c4dcdbdad8f713fa42b33f4 -> 
  custom:video-decoder-webm-vp8: 9c59270c3fd7afecdb556c50c9e8de78 -> 
  custom:graphics/normal-map-encoding: 01000000000000000000000000000000 -> 02000000000000000000000000000000
  custom:audio-decoder-ogg-vorbis: bf7c407c2cedff20999df2af8eb42d56 -> 
  custom:audio-encoder-webm-vorbis: bf7c407c2cedff20999df2af8eb42d56 -> 
========================================================================
Received Import Request.
  Time since last request: 48.588056 seconds.
  path: Assets/Scripts/SimpleCameraController.cs
  artifactKey: Guid(3aa08de2b900b3e4a87a5ceb8a54cd27) Importer(815301076,1909f56bfc062723c751e8b465ee728b)
Start importing Assets/Scripts/SimpleCameraController.cs using Guid(3aa08de2b900b3e4a87a5ceb8a54cd27) Importer(815301076,1909f56bfc062723c751e8b465ee728b)  -> (artifact id: 'f13d827a672a1703cb16e7565b69ec55') in 0.011766 seconds 
  Import took 0.015415 seconds .

========================================================================
Received Prepare
Registering precompiled user dll's ...
Registered in 0.003397 seconds.
Begin MonoManager ReloadAssembly
Native extension for WindowsStandalone target not found
Native extension for WebGL target not found
Refreshing native plugins compatible for Editor in 0.80 ms, found 3 plugins.
Preloading 0 native plugins for Editor in 0.00 ms.
Mono: successfully reloaded assembly
- Completed reload, in  0.862 seconds
Domain Reload Profiling:
	ReloadAssembly (862ms)
		BeginReloadAssembly (93ms)
			ExecutionOrderSort (0ms)
			DisableScriptedObjects (3ms)
			BackupInstance (0ms)
			ReleaseScriptingObjects (0ms)
			CreateAndSetChildDomain (29ms)
		EndReloadAssembly (725ms)
			LoadAssemblies (65ms)
			RebuildTransferFunctionScriptingTraits (0ms)
			SetupTypeCache (218ms)
			ReleaseScriptCaches (1ms)
			RebuildScriptCaches (29ms)
			SetupLoadedEditorAssemblies (319ms)
				LogAssemblyErrors (0ms)
				InitializePlatformSupportModulesInManaged (3ms)
				SetLoadedEditorAssemblies (0ms)
				RefreshPlugins (1ms)
				BeforeProcessingInitializeOnLoad (118ms)
				ProcessInitializeOnLoadAttributes (184ms)
				ProcessInitializeOnLoadMethodAttributes (9ms)
				AfterProcessingInitializeOnLoad (4ms)
				EditorAssembliesLoaded (0ms)
			ExecutionOrderSort2 (0ms)
			AwakeInstancesAfterBackupRestoration (5ms)
Platform modules already initialized, skipping
Switching build target platform(19) subTarget(0) extendedPlatform(0) -> platform(9) subTarget(16777218) extendedPlatform(0)
Refreshing native plugins compatible for Editor in 0.68 ms, found 3 plugins.
Preloading 0 native plugins for Editor in 0.00 ms.
Unloading 2205 Unused Serialized files (Serialized files now loaded: 0)
System memory in use before: 139.3 MB.
System memory in use after: 139.5 MB.

Unloading 19 unused Assets to reduce memory usage. Loaded Objects now: 2823.
Total: 2.708400 ms (FindLiveObjects: 0.247300 ms CreateObjectMapping: 0.063000 ms MarkObjects: 2.378300 ms  DeleteObjects: 0.018800 ms)

AssetImportParameters requested are different than current active one (requested -> active):
  custom:framework-win-MediaFoundation: 216162199b28c13a410421893ffa2e32 -> 
  custom:video-decoder-ogg-theora: a1e56fd34408186e4bbccfd4996cb3dc -> 
  custom:container-muxer-webm: aa71ff27fc2769a1b78a27578f13a17b -> 
  custom:container-demuxer-webm: 4f35f7cbe854078d1ac9338744f61a02 -> 
  custom:container-demuxer-ogg: 62fdf1f143b41e24485cea50d1cbac27 -> 
  custom:video-encoder-webm-vp8: eb34c28f22e8b96e1ab97ce403110664 -> 
  custom:video-codec-MediaFoundation-h265: 746d11721c4dcdbdad8f713fa42b33f4 -> 
  custom:video-decoder-webm-vp8: 9c59270c3fd7afecdb556c50c9e8de78 -> 
  custom:graphics/normal-map-encoding: 01000000000000000000000000000000 -> 02000000000000000000000000000000
  custom:audio-decoder-ogg-vorbis: bf7c407c2cedff20999df2af8eb42d56 -> 
  custom:audio-encoder-webm-vorbis: bf7c407c2cedff20999df2af8eb42d56 -> 
========================================================================
Received Prepare
Registering precompiled user dll's ...
Registered in 0.003587 seconds.
Begin MonoManager ReloadAssembly
Native extension for WindowsStandalone target not found
Native extension for WebGL target not found
Refreshing native plugins compatible for Editor in 0.67 ms, found 3 plugins.
Preloading 0 native plugins for Editor in 0.00 ms.
Mono: successfully reloaded assembly
- Completed reload, in  0.787 seconds
Domain Reload Profiling:
	ReloadAssembly (788ms)
		BeginReloadAssembly (95ms)
			ExecutionOrderSort (0ms)
			DisableScriptedObjects (3ms)
			BackupInstance (0ms)
			ReleaseScriptingObjects (0ms)
			CreateAndSetChildDomain (26ms)
		EndReloadAssembly (647ms)
			LoadAssemblies (65ms)
			RebuildTransferFunctionScriptingTraits (0ms)
			SetupTypeCache (213ms)
			ReleaseScriptCaches (1ms)
			RebuildScriptCaches (29ms)
			SetupLoadedEditorAssemblies (243ms)
				LogAssemblyErrors (0ms)
				InitializePlatformSupportModulesInManaged (4ms)
				SetLoadedEditorAssemblies (0ms)
				RefreshPlugins (1ms)
				BeforeProcessingInitializeOnLoad (52ms)
				ProcessInitializeOnLoadAttributes (174ms)
				ProcessInitializeOnLoadMethodAttributes (8ms)
				AfterProcessingInitializeOnLoad (4ms)
				EditorAssembliesLoaded (0ms)
			ExecutionOrderSort2 (0ms)
			AwakeInstancesAfterBackupRestoration (5ms)
Platform modules already initialized, skipping
Switching build target platform(19) subTarget(0) extendedPlatform(0) -> platform(9) subTarget(16777218) extendedPlatform(0)
Refreshing native plugins compatible for Editor in 1.12 ms, found 3 plugins.
Preloading 0 native plugins for Editor in 0.00 ms.
Unloading 2205 Unused Serialized files (Serialized files now loaded: 0)
System memory in use before: 139.4 MB.
System memory in use after: 139.6 MB.

Unloading 18 unused Assets to reduce memory usage. Loaded Objects now: 2825.
Total: 3.031700 ms (FindLiveObjects: 0.235700 ms CreateObjectMapping: 0.108900 ms MarkObjects: 2.668300 ms  DeleteObjects: 0.017700 ms)

AssetImportParameters requested are different than current active one (requested -> active):
  custom:framework-win-MediaFoundation: 216162199b28c13a410421893ffa2e32 -> 
  custom:video-decoder-ogg-theora: a1e56fd34408186e4bbccfd4996cb3dc -> 
  custom:container-muxer-webm: aa71ff27fc2769a1b78a27578f13a17b -> 
  custom:container-demuxer-webm: 4f35f7cbe854078d1ac9338744f61a02 -> 
  custom:container-demuxer-ogg: 62fdf1f143b41e24485cea50d1cbac27 -> 
  custom:video-encoder-webm-vp8: eb34c28f22e8b96e1ab97ce403110664 -> 
  custom:video-codec-MediaFoundation-h265: 746d11721c4dcdbdad8f713fa42b33f4 -> 
  custom:video-decoder-webm-vp8: 9c59270c3fd7afecdb556c50c9e8de78 -> 
  custom:graphics/normal-map-encoding: 01000000000000000000000000000000 -> 02000000000000000000000000000000
  custom:audio-decoder-ogg-vorbis: bf7c407c2cedff20999df2af8eb42d56 -> 
  custom:audio-encoder-webm-vorbis: bf7c407c2cedff20999df2af8eb42d56 -> 
========================================================================
Received Import Request.
  Time since last request: 27.985245 seconds.
  path: Assets/Scripts/GestureControllerSimple.cs
  artifactKey: Guid(6dea1780fa7fcc54cb18c5762c6f2c13) Importer(815301076,1909f56bfc062723c751e8b465ee728b)
Start importing Assets/Scripts/GestureControllerSimple.cs using Guid(6dea1780fa7fcc54cb18c5762c6f2c13) Importer(815301076,1909f56bfc062723c751e8b465ee728b)  -> (artifact id: '9fb535e20b839123cf435470bca49a2a') in 0.009660 seconds 
  Import took 0.013113 seconds .

========================================================================
Received Prepare
Registering precompiled user dll's ...
Registered in 0.003446 seconds.
Begin MonoManager ReloadAssembly
Native extension for WindowsStandalone target not found
Native extension for WebGL target not found
Refreshing native plugins compatible for Editor in 0.65 ms, found 3 plugins.
Preloading 0 native plugins for Editor in 0.00 ms.
Mono: successfully reloaded assembly
- Completed reload, in  0.786 seconds
Domain Reload Profiling:
	ReloadAssembly (787ms)
		BeginReloadAssembly (94ms)
			ExecutionOrderSort (0ms)
			DisableScriptedObjects (3ms)
			BackupInstance (0ms)
			ReleaseScriptingObjects (0ms)
			CreateAndSetChildDomain (29ms)
		EndReloadAssembly (647ms)
			LoadAssemblies (65ms)
			RebuildTransferFunctionScriptingTraits (0ms)
			SetupTypeCache (209ms)
			ReleaseScriptCaches (1ms)
			RebuildScriptCaches (31ms)
			SetupLoadedEditorAssemblies (240ms)
				LogAssemblyErrors (0ms)
				InitializePlatformSupportModulesInManaged (3ms)
				SetLoadedEditorAssemblies (0ms)
				RefreshPlugins (1ms)
				BeforeProcessingInitializeOnLoad (52ms)
				ProcessInitializeOnLoadAttributes (171ms)
				ProcessInitializeOnLoadMethodAttributes (8ms)
				AfterProcessingInitializeOnLoad (4ms)
				EditorAssembliesLoaded (0ms)
			ExecutionOrderSort2 (0ms)
			AwakeInstancesAfterBackupRestoration (5ms)
Platform modules already initialized, skipping
Switching build target platform(19) subTarget(0) extendedPlatform(0) -> platform(9) subTarget(16777218) extendedPlatform(0)
Refreshing native plugins compatible for Editor in 0.65 ms, found 3 plugins.
Preloading 0 native plugins for Editor in 0.00 ms.
Unloading 2205 Unused Serialized files (Serialized files now loaded: 0)
System memory in use before: 139.4 MB.
System memory in use after: 139.6 MB.

Unloading 18 unused Assets to reduce memory usage. Loaded Objects now: 2827.
Total: 2.970500 ms (FindLiveObjects: 0.231600 ms CreateObjectMapping: 0.098300 ms MarkObjects: 2.623300 ms  DeleteObjects: 0.016500 ms)

AssetImportParameters requested are different than current active one (requested -> active):
  custom:framework-win-MediaFoundation: 216162199b28c13a410421893ffa2e32 -> 
  custom:video-decoder-ogg-theora: a1e56fd34408186e4bbccfd4996cb3dc -> 
  custom:container-muxer-webm: aa71ff27fc2769a1b78a27578f13a17b -> 
  custom:container-demuxer-webm: 4f35f7cbe854078d1ac9338744f61a02 -> 
  custom:container-demuxer-ogg: 62fdf1f143b41e24485cea50d1cbac27 -> 
  custom:video-encoder-webm-vp8: eb34c28f22e8b96e1ab97ce403110664 -> 
  custom:video-codec-MediaFoundation-h265: 746d11721c4dcdbdad8f713fa42b33f4 -> 
  custom:video-decoder-webm-vp8: 9c59270c3fd7afecdb556c50c9e8de78 -> 
  custom:graphics/normal-map-encoding: 01000000000000000000000000000000 -> 02000000000000000000000000000000
  custom:audio-decoder-ogg-vorbis: bf7c407c2cedff20999df2af8eb42d56 -> 
  custom:audio-encoder-webm-vorbis: bf7c407c2cedff20999df2af8eb42d56 -> 
========================================================================
Received Import Request.
  Time since last request: 661.893603 seconds.
  path: Assets/Weather Assets/UniStorm Mobile  v2.4.1.2/UniStorm雨雪雾霾入门教程.pdf
  artifactKey: Guid(d4306fb0614ed1646b5a80f0d49800c1) Importer(815301076,1909f56bfc062723c751e8b465ee728b)
Start importing Assets/Weather Assets/UniStorm Mobile  v2.4.1.2/UniStorm雨雪雾霾入门教程.pdf using Guid(d4306fb0614ed1646b5a80f0d49800c1) Importer(815301076,1909f56bfc062723c751e8b465ee728b)  -> (artifact id: '1e4d4cf4f527674a8557415bfb05c04a') in 0.040148 seconds 
  Import took 0.044139 seconds .

========================================================================
Received Import Request.
  Time since last request: 0.752966 seconds.
  path: Assets/Weather Assets/UniStorm Mobile  v2.4.1.2/介绍.txt
  artifactKey: Guid(e95b9c6c779cd3540a4d92fb8c1c234e) Importer(815301076,1909f56bfc062723c751e8b465ee728b)
Start importing Assets/Weather Assets/UniStorm Mobile  v2.4.1.2/介绍.txt using Guid(e95b9c6c779cd3540a4d92fb8c1c234e) Importer(815301076,1909f56bfc062723c751e8b465ee728b)  -> (artifact id: '305c0a8071c86b08ac916c3e6d8d10e6') in 0.035877 seconds 
  Import took 0.039327 seconds .

========================================================================
Received Import Request.
  Time since last request: 21.282225 seconds.
  path: Assets/Weather Assets/UniStorm (Mobile)/Prefabs (Mobile)/Lightning
  artifactKey: Guid(08fedb2a70f25544a8ece3fad913413b) Importer(815301076,1909f56bfc062723c751e8b465ee728b)
Start importing Assets/Weather Assets/UniStorm (Mobile)/Prefabs (Mobile)/Lightning using Guid(08fedb2a70f25544a8ece3fad913413b) Importer(815301076,1909f56bfc062723c751e8b465ee728b)  -> (artifact id: '999e2727651e8033d7700f465478d3a6') in 0.005883 seconds 
  Import took 0.009239 seconds .

========================================================================
Received Import Request.
  Time since last request: 1.750453 seconds.
  path: Assets/Weather Assets/UniStorm (Mobile)/Prefabs (Mobile)/UniStormMobilePrefabs
  artifactKey: Guid(d081f4949241c674ea3216a7f0431756) Importer(815301076,1909f56bfc062723c751e8b465ee728b)
Start importing Assets/Weather Assets/UniStorm (Mobile)/Prefabs (Mobile)/UniStormMobilePrefabs using Guid(d081f4949241c674ea3216a7f0431756) Importer(815301076,1909f56bfc062723c751e8b465ee728b)  -> (artifact id: '80068e6fd6ddea03692a5abca5a27493') in 0.006302 seconds 
  Import took 0.009601 seconds .

========================================================================
Received Import Request.
  Time since last request: 1.232270 seconds.
  path: Assets/Weather Assets/UniStorm (Mobile)/Prefabs (Mobile)/UniStormMobilePrefabs/UniStormMobilePrefab_C_Basic.prefab
  artifactKey: Guid(94a1a469f2e5fb147b507b16105a4549) Importer(815301076,1909f56bfc062723c751e8b465ee728b)
Start importing Assets/Weather Assets/UniStorm (Mobile)/Prefabs (Mobile)/UniStormMobilePrefabs/UniStormMobilePrefab_C_Basic.prefab using Guid(94a1a469f2e5fb147b507b16105a4549) Importer(815301076,1909f56bfc062723c751e8b465ee728b)  -> (artifact id: '31f28e3901b2d654b411bbd82356637e') in 0.708063 seconds 
  Import took 0.712732 seconds .

========================================================================
Received Import Request.
  Time since last request: 7.065968 seconds.
  path: Assets/Weather Assets/UniStorm (Desktop)/Prefabs (Desktop)
  artifactKey: Guid(e954a6ccd2286cf4f95821830cdf6896) Importer(815301076,1909f56bfc062723c751e8b465ee728b)
Start importing Assets/Weather Assets/UniStorm (Desktop)/Prefabs (Desktop) using Guid(e954a6ccd2286cf4f95821830cdf6896) Importer(815301076,1909f56bfc062723c751e8b465ee728b)  -> (artifact id: 'ff252db9ea84e23266b9f95e543dd6a2') in 0.005831 seconds 
  Import took 0.009312 seconds .

========================================================================
Received Import Request.
  Time since last request: 1.592360 seconds.
  path: Assets/Weather Assets/UniStorm (Desktop)/Prefabs (Desktop)/ParticleEffects
  artifactKey: Guid(214daa091516d1c4d85b63c0f048bae2) Importer(815301076,1909f56bfc062723c751e8b465ee728b)
Start importing Assets/Weather Assets/UniStorm (Desktop)/Prefabs (Desktop)/ParticleEffects using Guid(214daa091516d1c4d85b63c0f048bae2) Importer(815301076,1909f56bfc062723c751e8b465ee728b)  -> (artifact id: '19016d32fbede025f69b0d4e900dbf11') in 0.005776 seconds 
  Import took 0.008972 seconds .

========================================================================
Received Import Request.
  Time since last request: 0.724222 seconds.
  path: Assets/Weather Assets/UniStorm (Desktop)/Prefabs (Desktop)/ParticleEffects/C#
  artifactKey: Guid(77abbd008bf07514284de8b15a25f82f) Importer(815301076,1909f56bfc062723c751e8b465ee728b)
Start importing Assets/Weather Assets/UniStorm (Desktop)/Prefabs (Desktop)/ParticleEffects/C# using Guid(77abbd008bf07514284de8b15a25f82f) Importer(815301076,1909f56bfc062723c751e8b465ee728b)  -> (artifact id: '63b15e429246a3b24b9e40bedf2263e5') in 0.005958 seconds 
  Import took 0.009232 seconds .

========================================================================
Received Import Request.
  Time since last request: 2.720660 seconds.
  path: Assets/Weather Assets/UniStorm (Desktop)/Prefabs (Desktop)/ParticleEffects/C#/Snow Dust.prefab
  artifactKey: Guid(68c8df247fdaa6045976405ce9b7d228) Importer(815301076,1909f56bfc062723c751e8b465ee728b)
Start importing Assets/Weather Assets/UniStorm (Desktop)/Prefabs (Desktop)/ParticleEffects/C#/Snow Dust.prefab using Guid(68c8df247fdaa6045976405ce9b7d228) Importer(815301076,1909f56bfc062723c751e8b465ee728b)  -> (artifact id: '4565dff8c7ea7e2b53ee8100b2bd05f0') in 0.014265 seconds 
  Import took 0.017920 seconds .

========================================================================
Received Import Request.
  Time since last request: 0.007385 seconds.
  path: Assets/Weather Assets/UniStorm (Desktop)/Materials_Textures (Desktop)/Materials/Weather Materials/Snow Mist.mat
  artifactKey: Guid(f2cd63d4ad8257b48a69283e7264c371) Importer(815301076,1909f56bfc062723c751e8b465ee728b)
Start importing Assets/Weather Assets/UniStorm (Desktop)/Materials_Textures (Desktop)/Materials/Weather Materials/Snow Mist.mat using Guid(f2cd63d4ad8257b48a69283e7264c371) Importer(815301076,1909f56bfc062723c751e8b465ee728b)  -> (artifact id: '1d9f9fa02f106118509e53a5c9aca22f') in 0.029249 seconds 
  Import took 0.032894 seconds .

========================================================================
Received Import Request.
  Time since last request: 0.533027 seconds.
  path: Assets/Weather Assets/UniStorm (Desktop)/Prefabs (Desktop)/ParticleEffects/C#/Snow.prefab
  artifactKey: Guid(0fa4595520218534a8789c8f26d2c52b) Importer(815301076,1909f56bfc062723c751e8b465ee728b)
Start importing Assets/Weather Assets/UniStorm (Desktop)/Prefabs (Desktop)/ParticleEffects/C#/Snow.prefab using Guid(0fa4595520218534a8789c8f26d2c52b) Importer(815301076,1909f56bfc062723c751e8b465ee728b)  -> (artifact id: 'a22dbed9f0f4df968dbe0b0d9631484b') in 0.025343 seconds 
  Import took 0.028961 seconds .

========================================================================
Received Import Request.
  Time since last request: 0.000185 seconds.
  path: Assets/Weather Assets/UniStorm (Desktop)/Materials_Textures (Desktop)/Materials/Weather Materials/Snow Flake.mat
  artifactKey: Guid(60071eb973f939244bc766d56d116ca5) Importer(815301076,1909f56bfc062723c751e8b465ee728b)
Start importing Assets/Weather Assets/UniStorm (Desktop)/Materials_Textures (Desktop)/Materials/Weather Materials/Snow Flake.mat using Guid(60071eb973f939244bc766d56d116ca5) Importer(815301076,1909f56bfc062723c751e8b465ee728b)  -> (artifact id: 'eea69090fca2b0486c8b47501d642079') in 0.024486 seconds 
  Import took 0.027803 seconds .

========================================================================
Received Import Request.
  Time since last request: 0.083065 seconds.
  path: Assets/Weather Assets/UniStorm (Desktop)/Prefabs (Desktop)/ParticleEffects/C#/Snow.prefab
  artifactKey: Guid(0fa4595520218534a8789c8f26d2c52b) Importer(815301076,1909f56bfc062723c751e8b465ee728b)
Start importing Assets/Weather Assets/UniStorm (Desktop)/Prefabs (Desktop)/ParticleEffects/C#/Snow.prefab using Guid(0fa4595520218534a8789c8f26d2c52b) Importer(815301076,1909f56bfc062723c751e8b465ee728b)  -> (artifact id: 'e126fa469b156c6124f8461ab3fd65af') in 0.024088 seconds 
  Import took 0.027682 seconds .

========================================================================
Received Import Request.
  Time since last request: 15.320974 seconds.
  path: Assets/Weather Assets/UniStorm (Desktop)/Materials_Textures (Desktop)/Materials/Weather Materials/Leaf.mat
  artifactKey: Guid(733d5724ce0335549b421024771259a3) Importer(815301076,1909f56bfc062723c751e8b465ee728b)
Start importing Assets/Weather Assets/UniStorm (Desktop)/Materials_Textures (Desktop)/Materials/Weather Materials/Leaf.mat using Guid(733d5724ce0335549b421024771259a3) Importer(815301076,1909f56bfc062723c751e8b465ee728b)  -> (artifact id: '21833f1c16893646bce0442465643481') in 0.015205 seconds 
  Import took 0.018711 seconds .

========================================================================
Received Prepare
Registering precompiled user dll's ...
Registered in 0.003991 seconds.
Begin MonoManager ReloadAssembly
Native extension for WindowsStandalone target not found
Native extension for WebGL target not found
Refreshing native plugins compatible for Editor in 0.65 ms, found 3 plugins.
Preloading 0 native plugins for Editor in 0.00 ms.
Mono: successfully reloaded assembly
- Completed reload, in  0.752 seconds
Domain Reload Profiling:
	ReloadAssembly (752ms)
		BeginReloadAssembly (87ms)
			ExecutionOrderSort (0ms)
			DisableScriptedObjects (3ms)
			BackupInstance (0ms)
			ReleaseScriptingObjects (0ms)
			CreateAndSetChildDomain (30ms)
		EndReloadAssembly (624ms)
			LoadAssemblies (62ms)
			RebuildTransferFunctionScriptingTraits (0ms)
			SetupTypeCache (190ms)
			ReleaseScriptCaches (1ms)
			RebuildScriptCaches (28ms)
			SetupLoadedEditorAssemblies (242ms)
				LogAssemblyErrors (0ms)
				InitializePlatformSupportModulesInManaged (3ms)
				SetLoadedEditorAssemblies (0ms)
				RefreshPlugins (1ms)
				BeforeProcessingInitializeOnLoad (50ms)
				ProcessInitializeOnLoadAttributes (175ms)
				ProcessInitializeOnLoadMethodAttributes (8ms)
				AfterProcessingInitializeOnLoad (4ms)
				EditorAssembliesLoaded (0ms)
			ExecutionOrderSort2 (0ms)
			AwakeInstancesAfterBackupRestoration (5ms)
Platform modules already initialized, skipping
Switching build target platform(19) subTarget(0) extendedPlatform(0) -> platform(9) subTarget(16777218) extendedPlatform(0)
Refreshing native plugins compatible for Editor in 0.65 ms, found 3 plugins.
Preloading 0 native plugins for Editor in 0.00 ms.
Unloading 2205 Unused Serialized files (Serialized files now loaded: 0)
System memory in use before: 139.8 MB.
System memory in use after: 140.0 MB.

Unloading 18 unused Assets to reduce memory usage. Loaded Objects now: 2865.
Total: 2.792200 ms (FindLiveObjects: 0.217800 ms CreateObjectMapping: 0.113500 ms MarkObjects: 2.442300 ms  DeleteObjects: 0.017700 ms)

AssetImportParameters requested are different than current active one (requested -> active):
  custom:framework-win-MediaFoundation: 216162199b28c13a410421893ffa2e32 -> 
  custom:video-decoder-ogg-theora: a1e56fd34408186e4bbccfd4996cb3dc -> 
  custom:container-muxer-webm: aa71ff27fc2769a1b78a27578f13a17b -> 
  custom:container-demuxer-webm: 4f35f7cbe854078d1ac9338744f61a02 -> 
  custom:container-demuxer-ogg: 62fdf1f143b41e24485cea50d1cbac27 -> 
  custom:video-encoder-webm-vp8: eb34c28f22e8b96e1ab97ce403110664 -> 
  custom:video-codec-MediaFoundation-h265: 746d11721c4dcdbdad8f713fa42b33f4 -> 
  custom:video-decoder-webm-vp8: 9c59270c3fd7afecdb556c50c9e8de78 -> 
  custom:graphics/normal-map-encoding: 01000000000000000000000000000000 -> 02000000000000000000000000000000
  custom:audio-decoder-ogg-vorbis: bf7c407c2cedff20999df2af8eb42d56 -> 
  custom:audio-encoder-webm-vorbis: bf7c407c2cedff20999df2af8eb42d56 -> 
AssetImportWorkerClient::OnTransportError - code=2 error=End of file
