Using pre-set license
Built from '2020.3/china_unity/release' branch; Version is '2020.3.24f1c2 (f3616f7ef48a) revision 15950191'; Using compiler version '192528614'; Build Type 'Release'
OS: 'Windows 11  (10.0.22000) 64bit Core' Language: 'zh' Physical Memory: 32176 MB
BatchMode: 1, IsHumanControllingUs: 0, StartBugReporterOnCrash: 0, Is64bit: 1, IsPro: 0

COMMAND LINE ARGUMENTS:
C:\Program Files\Unity\Hub\Editor\2020.3.24f1c2\Editor\Unity.exe
-adb2
-batchMode
-noUpm
-name
AssetImportWorker0
-projectPath
C:/1-Study/Unity Projects/Git-Outdoor/Outdoor
-logFile
Logs/AssetImportWorker0.log
-srvPort
49381
Successfully changed project path to: C:/1-Study/Unity Projects/Git-Outdoor/Outdoor
C:/1-Study/Unity Projects/Git-Outdoor/Outdoor
Using Asset Import Pipeline V2.
AS: AutoStreaming module initializing.Refreshing native plugins compatible for Editor in 51.37 ms, found 3 plugins.
Preloading 0 native plugins for Editor in 0.00 ms.
Initialize engine version: 2020.3.24f1c2 (f3616f7ef48a)
[Subsystems] Discovering subsystems at path C:/Program Files/Unity/Hub/Editor/2020.3.24f1c2/Editor/Data/Resources/UnitySubsystems
[Subsystems] Discovering subsystems at path C:/1-Study/Unity Projects/Git-Outdoor/Outdoor/Assets
GfxDevice: creating device client; threaded=0
Direct3D:
    Version:  Direct3D 11.0 [level 11.1]
    Renderer: NVIDIA GeForce RTX 3070 Laptop GPU (ID=0x249d)
    Vendor:   
    VRAM:     8044 MB
    Driver:   30.0.15.1123
Initialize mono
Mono path[0] = 'C:/Program Files/Unity/Hub/Editor/2020.3.24f1c2/Editor/Data/Managed'
Mono path[1] = 'C:/Program Files/Unity/Hub/Editor/2020.3.24f1c2/Editor/Data/MonoBleedingEdge/lib/mono/unityjit'
Mono config path = 'C:/Program Files/Unity/Hub/Editor/2020.3.24f1c2/Editor/Data/MonoBleedingEdge/etc'
Using monoOptions --debugger-agent=transport=dt_socket,embedding=1,server=y,suspend=n,address=127.0.0.1:56120
Begin MonoManager ReloadAssembly
Registering precompiled unity dll's ...
Register platform support module: C:/Program Files/Unity/Hub/Editor/2020.3.24f1c2/Editor/Data/PlaybackEngines/WebGLSupport/UnityEditor.WebGL.Extensions.dll
Register platform support module: C:/Program Files/Unity/Hub/Editor/2020.3.24f1c2/Editor/Data/PlaybackEngines/WindowsStandaloneSupport/UnityEditor.WindowsStandalone.Extensions.dll
Registered in 0.001553 seconds.
Native extension for WindowsStandalone target not found
Native extension for WebGL target not found
Refreshing native plugins compatible for Editor in 46.43 ms, found 3 plugins.
Preloading 0 native plugins for Editor in 0.00 ms.
Mono: successfully reloaded assembly
- Completed reload, in  0.469 seconds
Domain Reload Profiling:
	ReloadAssembly (469ms)
		BeginReloadAssembly (46ms)
			ExecutionOrderSort (0ms)
			DisableScriptedObjects (0ms)
			BackupInstance (0ms)
			ReleaseScriptingObjects (0ms)
			CreateAndSetChildDomain (1ms)
		EndReloadAssembly (354ms)
			LoadAssemblies (44ms)
			RebuildTransferFunctionScriptingTraits (0ms)
			SetupTypeCache (112ms)
			ReleaseScriptCaches (0ms)
			RebuildScriptCaches (20ms)
			SetupLoadedEditorAssemblies (142ms)
				LogAssemblyErrors (0ms)
				InitializePlatformSupportModulesInManaged (4ms)
				SetLoadedEditorAssemblies (0ms)
				RefreshPlugins (46ms)
				BeforeProcessingInitializeOnLoad (13ms)
				ProcessInitializeOnLoadAttributes (58ms)
				ProcessInitializeOnLoadMethodAttributes (20ms)
				AfterProcessingInitializeOnLoad (0ms)
				EditorAssembliesLoaded (0ms)
			ExecutionOrderSort2 (0ms)
			AwakeInstancesAfterBackupRestoration (0ms)
Platform modules already initialized, skipping
Registering precompiled user dll's ...
Registered in 0.003527 seconds.
Begin MonoManager ReloadAssembly
Native extension for WindowsStandalone target not found
Native extension for WebGL target not found
Refreshing native plugins compatible for Editor in 50.47 ms, found 3 plugins.
Preloading 0 native plugins for Editor in 0.00 ms.
Mono: successfully reloaded assembly
- Completed reload, in  0.948 seconds
Domain Reload Profiling:
	ReloadAssembly (949ms)
		BeginReloadAssembly (111ms)
			ExecutionOrderSort (0ms)
			DisableScriptedObjects (4ms)
			BackupInstance (0ms)
			ReleaseScriptingObjects (0ms)
			CreateAndSetChildDomain (20ms)
		EndReloadAssembly (790ms)
			LoadAssemblies (70ms)
			RebuildTransferFunctionScriptingTraits (0ms)
			SetupTypeCache (244ms)
			ReleaseScriptCaches (1ms)
			RebuildScriptCaches (41ms)
			SetupLoadedEditorAssemblies (343ms)
				LogAssemblyErrors (0ms)
				InitializePlatformSupportModulesInManaged (4ms)
				SetLoadedEditorAssemblies (0ms)
				RefreshPlugins (51ms)
				BeforeProcessingInitializeOnLoad (61ms)
				ProcessInitializeOnLoadAttributes (214ms)
				ProcessInitializeOnLoadMethodAttributes (8ms)
				AfterProcessingInitializeOnLoad (4ms)
				EditorAssembliesLoaded (0ms)
			ExecutionOrderSort2 (0ms)
			AwakeInstancesAfterBackupRestoration (5ms)
Platform modules already initialized, skipping
========================================================================
Worker process is ready to serve import requests
Launched and connected shader compiler UnityShaderCompiler.exe after 0.04 seconds
Refreshing native plugins compatible for Editor in 0.83 ms, found 3 plugins.
Preloading 0 native plugins for Editor in 0.00 ms.
Unloading 2334 Unused Serialized files (Serialized files now loaded: 0)
System memory in use before: 153.4 MB.
System memory in use after: 153.6 MB.

Unloading 25 unused Assets to reduce memory usage. Loaded Objects now: 2803.
Total: 3.698300 ms (FindLiveObjects: 0.512300 ms CreateObjectMapping: 0.187400 ms MarkObjects: 2.883600 ms  DeleteObjects: 0.111900 ms)

AssetImportParameters requested are different than current active one (requested -> active):
  custom:framework-win-MediaFoundation: 216162199b28c13a410421893ffa2e32 -> 
  custom:video-decoder-ogg-theora: a1e56fd34408186e4bbccfd4996cb3dc -> 
  custom:container-muxer-webm: aa71ff27fc2769a1b78a27578f13a17b -> 
  custom:container-demuxer-webm: 4f35f7cbe854078d1ac9338744f61a02 -> 
  custom:container-demuxer-ogg: 62fdf1f143b41e24485cea50d1cbac27 -> 
  custom:video-encoder-webm-vp8: eb34c28f22e8b96e1ab97ce403110664 -> 
  custom:video-codec-MediaFoundation-h265: 746d11721c4dcdbdad8f713fa42b33f4 -> 
  custom:video-decoder-webm-vp8: 9c59270c3fd7afecdb556c50c9e8de78 -> 
  custom:audio-decoder-ogg-vorbis: bf7c407c2cedff20999df2af8eb42d56 -> 
  custom:audio-encoder-webm-vorbis: bf7c407c2cedff20999df2af8eb42d56 -> 
========================================================================
Received Import Request.
  path: Assets/Outdoor Assets/House Pack/Prefabs/FullPrefabs/SuburbanHouseVer2.prefab
  artifactKey: Guid(fe44196c5e4e1444db4df3069ca7c43e) Importer(815301076,1909f56bfc062723c751e8b465ee728b)
Start importing Assets/Outdoor Assets/House Pack/Prefabs/FullPrefabs/SuburbanHouseVer2.prefab using Guid(fe44196c5e4e1444db4df3069ca7c43e) Importer(815301076,1909f56bfc062723c751e8b465ee728b)  -> (artifact id: 'ade20651d5398275fc556b37d98e0458') in 1.818428 seconds 
  Import took 1.833451 seconds .

========================================================================
Received Import Request.
  Time since last request: 3.719385 seconds.
  path: Assets/Outdoor Assets/House Pack/Prefabs/FullPrefabs/SuburbanHouseVer3A.prefab
  artifactKey: Guid(914761b82962bf0468c45833469bb498) Importer(815301076,1909f56bfc062723c751e8b465ee728b)
Start importing Assets/Outdoor Assets/House Pack/Prefabs/FullPrefabs/SuburbanHouseVer3A.prefab using Guid(914761b82962bf0468c45833469bb498) Importer(815301076,1909f56bfc062723c751e8b465ee728b)  -> (artifact id: 'c646199951a8677f3234c7f8c0a97809') in 1.270610 seconds 
  Import took 1.282347 seconds .

========================================================================
Received Import Request.
  Time since last request: 7.709387 seconds.
  path: Assets/Outdoor Assets/House Pack/Models/Baseblock.fbx
  artifactKey: Guid(0db0e574662556d4780fb87e48f746ba) Importer(815301076,1909f56bfc062723c751e8b465ee728b)
Start importing Assets/Outdoor Assets/House Pack/Models/Baseblock.fbx using Guid(0db0e574662556d4780fb87e48f746ba) Importer(815301076,1909f56bfc062723c751e8b465ee728b)  -> (artifact id: '64a9fc4b0b6caffc8b4f78ff4e6b77ee') in 0.066518 seconds 
  Import took 0.070227 seconds .

========================================================================
Received Import Request.
  Time since last request: 152.600570 seconds.
  path: Assets/Outdoor Assets/Swimming Pool/Meshes/exterior_swimming_pool.fbx
  artifactKey: Guid(462c2619e4d82cb4ba4a74d473f04b6b) Importer(815301076,1909f56bfc062723c751e8b465ee728b)
Start importing Assets/Outdoor Assets/Swimming Pool/Meshes/exterior_swimming_pool.fbx using Guid(462c2619e4d82cb4ba4a74d473f04b6b) Importer(815301076,1909f56bfc062723c751e8b465ee728b)  -> (artifact id: 'a84838fc1979f8f5a0e2a022664ccdc5') in 1.888912 seconds 
  Import took 1.893719 seconds .

========================================================================
Received Import Request.
  Time since last request: 2373.263013 seconds.
  path: Assets/Outdoor Assets/Swimming Pool/groff-pool-01
  artifactKey: Guid(0e7e087d396adf84aa10287ca31cac72) Importer(815301076,1909f56bfc062723c751e8b465ee728b)
Start importing Assets/Outdoor Assets/Swimming Pool/groff-pool-01 using Guid(0e7e087d396adf84aa10287ca31cac72) Importer(815301076,1909f56bfc062723c751e8b465ee728b)  -> (artifact id: '2afaa56d47952f7c38ce5fe04849b072') in 0.005921 seconds 
  Import took 0.010012 seconds .

========================================================================
Received Import Request.
  Time since last request: 0.853911 seconds.
  path: Assets/Outdoor Assets/Swimming Pool/groff-pool-01/textures
  artifactKey: Guid(470326e1dcb43e840b41d5b74ea29361) Importer(815301076,1909f56bfc062723c751e8b465ee728b)
Start importing Assets/Outdoor Assets/Swimming Pool/groff-pool-01/textures using Guid(470326e1dcb43e840b41d5b74ea29361) Importer(815301076,1909f56bfc062723c751e8b465ee728b)  -> (artifact id: '319f8972377886d6c0a613055de262af') in 0.005679 seconds 
  Import took 0.009583 seconds .

========================================================================
Received Import Request.
  Time since last request: 1.942550 seconds.
  path: Assets/Outdoor Assets/Swimming Pool/groff-pool-01/source
  artifactKey: Guid(0ca29a0b28491184c94879406732311a) Importer(815301076,1909f56bfc062723c751e8b465ee728b)
Start importing Assets/Outdoor Assets/Swimming Pool/groff-pool-01/source using Guid(0ca29a0b28491184c94879406732311a) Importer(815301076,1909f56bfc062723c751e8b465ee728b)  -> (artifact id: 'a4b50743eb137496f6b67278da9e27d8') in 0.005674 seconds 
  Import took 0.009243 seconds .

========================================================================
Received Import Request.
  Time since last request: 541.734121 seconds.
  path: Assets/Outdoor Assets/House Pack/house.fbx
  artifactKey: Guid(027d75b4a285829479979478b5536071) Importer(815301076,1909f56bfc062723c751e8b465ee728b)
Start importing Assets/Outdoor Assets/House Pack/house.fbx using Guid(027d75b4a285829479979478b5536071) Importer(815301076,1909f56bfc062723c751e8b465ee728b)  -> (artifact id: 'd4051787d4536d3afcbad8c507b34c87') in 0.786210 seconds 
  Import took 0.794202 seconds .

========================================================================
Received Import Request.
  Time since last request: 11.213440 seconds.
  path: Assets/Outdoor Assets/House Pack/house.fbx
  artifactKey: Guid(027d75b4a285829479979478b5536071) Importer(815301076,1909f56bfc062723c751e8b465ee728b)
Start importing Assets/Outdoor Assets/House Pack/house.fbx using Guid(027d75b4a285829479979478b5536071) Importer(815301076,1909f56bfc062723c751e8b465ee728b)  -> (artifact id: 'fc45a1072a0c48d253b2895150c6b25c') in 0.546334 seconds 
  Import took 0.554261 seconds .

========================================================================
Received Prepare
Registering precompiled user dll's ...
Registered in 0.003385 seconds.
Begin MonoManager ReloadAssembly
Native extension for WindowsStandalone target not found
Native extension for WebGL target not found
Refreshing native plugins compatible for Editor in 0.79 ms, found 3 plugins.
Preloading 0 native plugins for Editor in 0.00 ms.
Mono: successfully reloaded assembly
- Completed reload, in  0.789 seconds
Domain Reload Profiling:
	ReloadAssembly (790ms)
		BeginReloadAssembly (96ms)
			ExecutionOrderSort (0ms)
			DisableScriptedObjects (3ms)
			BackupInstance (0ms)
			ReleaseScriptingObjects (0ms)
			CreateAndSetChildDomain (28ms)
		EndReloadAssembly (646ms)
			LoadAssemblies (64ms)
			RebuildTransferFunctionScriptingTraits (0ms)
			SetupTypeCache (211ms)
			ReleaseScriptCaches (1ms)
			RebuildScriptCaches (31ms)
			SetupLoadedEditorAssemblies (261ms)
				LogAssemblyErrors (0ms)
				InitializePlatformSupportModulesInManaged (3ms)
				SetLoadedEditorAssemblies (1ms)
				RefreshPlugins (1ms)
				BeforeProcessingInitializeOnLoad (58ms)
				ProcessInitializeOnLoadAttributes (185ms)
				ProcessInitializeOnLoadMethodAttributes (8ms)
				AfterProcessingInitializeOnLoad (4ms)
				EditorAssembliesLoaded (0ms)
			ExecutionOrderSort2 (0ms)
			AwakeInstancesAfterBackupRestoration (5ms)
Platform modules already initialized, skipping
Switching build target platform(19) subTarget(0) extendedPlatform(0) -> platform(9) subTarget(16777218) extendedPlatform(0)
Refreshing native plugins compatible for Editor in 0.69 ms, found 3 plugins.
Preloading 0 native plugins for Editor in 0.00 ms.
Unloading 2205 Unused Serialized files (Serialized files now loaded: 0)
System memory in use before: 144.9 MB.
System memory in use after: 145.1 MB.

Unloading 19 unused Assets to reduce memory usage. Loaded Objects now: 2849.
Total: 2.859200 ms (FindLiveObjects: 0.210400 ms CreateObjectMapping: 0.050700 ms MarkObjects: 2.569600 ms  DeleteObjects: 0.027300 ms)

AssetImportParameters requested are different than current active one (requested -> active):
  custom:framework-win-MediaFoundation: 216162199b28c13a410421893ffa2e32 -> 
  custom:video-decoder-ogg-theora: a1e56fd34408186e4bbccfd4996cb3dc -> 
  custom:container-muxer-webm: aa71ff27fc2769a1b78a27578f13a17b -> 
  custom:container-demuxer-webm: 4f35f7cbe854078d1ac9338744f61a02 -> 
  custom:container-demuxer-ogg: 62fdf1f143b41e24485cea50d1cbac27 -> 
  custom:video-encoder-webm-vp8: eb34c28f22e8b96e1ab97ce403110664 -> 
  custom:video-codec-MediaFoundation-h265: 746d11721c4dcdbdad8f713fa42b33f4 -> 
  custom:video-decoder-webm-vp8: 9c59270c3fd7afecdb556c50c9e8de78 -> 
  custom:graphics/normal-map-encoding: 01000000000000000000000000000000 -> 02000000000000000000000000000000
  custom:audio-decoder-ogg-vorbis: bf7c407c2cedff20999df2af8eb42d56 -> 
  custom:audio-encoder-webm-vorbis: bf7c407c2cedff20999df2af8eb42d56 -> 
========================================================================
Received Import Request.
  Time since last request: 1560.188113 seconds.
  path: Assets/exterior_swimming_pool.fbx
  artifactKey: Guid(b0f59b7261b9c38498c24722777ad546) Importer(815301076,1909f56bfc062723c751e8b465ee728b)
Start importing Assets/exterior_swimming_pool.fbx using Guid(b0f59b7261b9c38498c24722777ad546) Importer(815301076,1909f56bfc062723c751e8b465ee728b)  -> (artifact id: 'c5243f31e40aa1d03579611df51d71de') in 0.132981 seconds 
  Import took 0.137436 seconds .

========================================================================
Received Import Request.
  Time since last request: 614.496366 seconds.
  path: Assets/Outdoor Assets/gustavo
  artifactKey: Guid(d32741dcac131b840b30e22c415a5f5d) Importer(815301076,1909f56bfc062723c751e8b465ee728b)
Start importing Assets/Outdoor Assets/gustavo using Guid(d32741dcac131b840b30e22c415a5f5d) Importer(815301076,1909f56bfc062723c751e8b465ee728b)  -> (artifact id: '95daf74bc73a5d452209fe345f47ad19') in 0.007965 seconds 
  Import took 0.012646 seconds .

========================================================================
Received Import Request.
  Time since last request: 1.028096 seconds.
  path: Assets/Outdoor Assets/gustavo/textures
  artifactKey: Guid(dc8e89ff4db325142b430fac58a9b12c) Importer(815301076,1909f56bfc062723c751e8b465ee728b)
Start importing Assets/Outdoor Assets/gustavo/textures using Guid(dc8e89ff4db325142b430fac58a9b12c) Importer(815301076,1909f56bfc062723c751e8b465ee728b)  -> (artifact id: 'a17988f63b8a88abe94bedca30560bd3') in 0.006175 seconds 
  Import took 0.009620 seconds .

========================================================================
Received Import Request.
  Time since last request: 2.133809 seconds.
  path: Assets/Outdoor Assets/gustavo/source
  artifactKey: Guid(f0ec7b6cd6f109a4fb7a80781b76635e) Importer(815301076,1909f56bfc062723c751e8b465ee728b)
Start importing Assets/Outdoor Assets/gustavo/source using Guid(f0ec7b6cd6f109a4fb7a80781b76635e) Importer(815301076,1909f56bfc062723c751e8b465ee728b)  -> (artifact id: '2c342ed3d7d12438b734d6da8dad2e3f') in 0.005747 seconds 
  Import took 0.009242 seconds .

========================================================================
Received Import Request.
  Time since last request: 6.967959 seconds.
  path: Assets/Outdoor Assets/gustavo/source/Gustavo.fbx
  artifactKey: Guid(58051cda87091d846b5204c2620c43ed) Importer(815301076,1909f56bfc062723c751e8b465ee728b)
Start importing Assets/Outdoor Assets/gustavo/source/Gustavo.fbx using Guid(58051cda87091d846b5204c2620c43ed) Importer(815301076,1909f56bfc062723c751e8b465ee728b)  -> (artifact id: '31d4c9cd91e9a6c7520d09b830771058') in 0.778280 seconds 
  Import took 0.783245 seconds .

========================================================================
Received Import Request.
  Time since last request: 8.715076 seconds.
  path: Assets/Outdoor Assets/gustavo/source/Gustavo.fbx
  artifactKey: Guid(58051cda87091d846b5204c2620c43ed) Importer(815301076,1909f56bfc062723c751e8b465ee728b)
Start importing Assets/Outdoor Assets/gustavo/source/Gustavo.fbx using Guid(58051cda87091d846b5204c2620c43ed) Importer(815301076,1909f56bfc062723c751e8b465ee728b)  -> (artifact id: 'cd7245ed9195dc511d80c747634b389f') in 0.523725 seconds 
  Import took 0.531310 seconds .

========================================================================
Received Import Request.
  Time since last request: 93.972573 seconds.
  path: Assets/Outdoor Assets/gustavo/source/Gustavo.fbx
  artifactKey: Guid(58051cda87091d846b5204c2620c43ed) Importer(815301076,1909f56bfc062723c751e8b465ee728b)
Start importing Assets/Outdoor Assets/gustavo/source/Gustavo.fbx using Guid(58051cda87091d846b5204c2620c43ed) Importer(815301076,1909f56bfc062723c751e8b465ee728b)  -> (artifact id: 'a8d0c9a6d020740080b2a3a83472e8dc') in 0.540012 seconds 
  Import took 0.545380 seconds .

========================================================================
Received Import Request.
  Time since last request: 50.751691 seconds.
  path: Assets/Outdoor Assets/gustavo/source/3_Bathroom.mat
  artifactKey: Guid(ec212fdd772de8a459fca2163fadb5ea) Importer(815301076,1909f56bfc062723c751e8b465ee728b)
Start importing Assets/Outdoor Assets/gustavo/source/3_Bathroom.mat using Guid(ec212fdd772de8a459fca2163fadb5ea) Importer(815301076,1909f56bfc062723c751e8b465ee728b)  -> (artifact id: '4c98a5f749273d9f44582f8198a7228f') in 0.016861 seconds 
  Import took 0.020440 seconds .

========================================================================
Received Import Request.
  Time since last request: 0.000170 seconds.
  path: Assets/Outdoor Assets/gustavo/source/Material #38.mat
  artifactKey: Guid(745ff90cb4ab50641bc2fd46c4e637f4) Importer(815301076,1909f56bfc062723c751e8b465ee728b)
Start importing Assets/Outdoor Assets/gustavo/source/Material #38.mat using Guid(745ff90cb4ab50641bc2fd46c4e637f4) Importer(815301076,1909f56bfc062723c751e8b465ee728b)  -> (artifact id: '42ae4b85782312822d44ab30f38b2e9a') in 0.024294 seconds 
  Import took 0.027725 seconds .

========================================================================
Received Import Request.
  Time since last request: 0.000151 seconds.
  path: Assets/Outdoor Assets/gustavo/source/Aglaonema_fasdfasd0fa1s0d1f6w016w0e1r601s.mat
  artifactKey: Guid(1551c6a6e1fe8e040a7bb24451ee81bc) Importer(815301076,1909f56bfc062723c751e8b465ee728b)
Start importing Assets/Outdoor Assets/gustavo/source/Aglaonema_fasdfasd0fa1s0d1f6w016w0e1r601s.mat using Guid(1551c6a6e1fe8e040a7bb24451ee81bc) Importer(815301076,1909f56bfc062723c751e8b465ee728b)  -> (artifact id: '79a9246ab1ec91b05583eaa86a3842de') in 0.027300 seconds 
  Import took 0.030752 seconds .

========================================================================
Received Import Request.
  Time since last request: 0.000269 seconds.
  path: Assets/Outdoor Assets/gustavo/source/Line010VRayTotalLightingMap.jpg
  artifactKey: Guid(35950154a76707f4a929119e4f0bf9bb) Importer(815301076,1909f56bfc062723c751e8b465ee728b)
Start importing Assets/Outdoor Assets/gustavo/source/Line010VRayTotalLightingMap.jpg using Guid(35950154a76707f4a929119e4f0bf9bb) Importer(815301076,1909f56bfc062723c751e8b465ee728b)  -> (artifact id: 'd94fe11d261ceed44ba9aa1b0f362c4a') in 0.257040 seconds 
  Import took 0.260707 seconds .

========================================================================
Received Import Request.
  Time since last request: 0.000162 seconds.
  path: Assets/Outdoor Assets/gustavo/source/Material #2146797826.mat
  artifactKey: Guid(44d930918d4e2fb47bf4c999a03d7bee) Importer(815301076,1909f56bfc062723c751e8b465ee728b)
Start importing Assets/Outdoor Assets/gustavo/source/Material #2146797826.mat using Guid(44d930918d4e2fb47bf4c999a03d7bee) Importer(815301076,1909f56bfc062723c751e8b465ee728b)  -> (artifact id: '6c2da4300704994d29065ce6ef6b1fa8') in 0.010562 seconds 
  Import took 0.013972 seconds .

========================================================================
Received Import Request.
  Time since last request: 0.000147 seconds.
  path: Assets/Outdoor Assets/gustavo/source/Prof. Ronaldo Luidi - Philodendron Erubescens Folha.mat
  artifactKey: Guid(674fc0029128e2643a3558ca4429d74b) Importer(815301076,1909f56bfc062723c751e8b465ee728b)
Start importing Assets/Outdoor Assets/gustavo/source/Prof. Ronaldo Luidi - Philodendron Erubescens Folha.mat using Guid(674fc0029128e2643a3558ca4429d74b) Importer(815301076,1909f56bfc062723c751e8b465ee728b)  -> (artifact id: '0368b0dd5c9f5badda168aacc646db6a') in 0.011764 seconds 
  Import took 0.015503 seconds .

========================================================================
Received Import Request.
  Time since last request: 0.000170 seconds.
  path: Assets/Outdoor Assets/gustavo/source/TexturesCom_ConcreteBare0112_1_seamless_S.jpg
  artifactKey: Guid(5a2d53943fc4a0d4baf620babe5c7f33) Importer(815301076,1909f56bfc062723c751e8b465ee728b)
Start importing Assets/Outdoor Assets/gustavo/source/TexturesCom_ConcreteBare0112_1_seamless_S.jpg using Guid(5a2d53943fc4a0d4baf620babe5c7f33) Importer(815301076,1909f56bfc062723c751e8b465ee728b)  -> (artifact id: 'ec23f5a6a5cd54d48a8cb1e7dc24a5e4') in 0.056462 seconds 
  Import took 0.059613 seconds .

========================================================================
Received Import Request.
  Time since last request: 0.000177 seconds.
  path: Assets/Outdoor Assets/gustavo/source/Material #67.mat
  artifactKey: Guid(8bc44f65da1018343a83cf70ca63dd05) Importer(815301076,1909f56bfc062723c751e8b465ee728b)
Start importing Assets/Outdoor Assets/gustavo/source/Material #67.mat using Guid(8bc44f65da1018343a83cf70ca63dd05) Importer(815301076,1909f56bfc062723c751e8b465ee728b)  -> (artifact id: 'f5eeda68a8b1c5d5662344da17c37e3d') in 0.012466 seconds 
  Import took 0.015997 seconds .

========================================================================
Received Import Request.
  Time since last request: 0.000151 seconds.
  path: Assets/Outdoor Assets/gustavo/source/TexturesCom_Pavement_Square_1K_albedo.jpg
  artifactKey: Guid(0832735cd43e6ff44b5f3860a7d65416) Importer(815301076,1909f56bfc062723c751e8b465ee728b)
Start importing Assets/Outdoor Assets/gustavo/source/TexturesCom_Pavement_Square_1K_albedo.jpg using Guid(0832735cd43e6ff44b5f3860a7d65416) Importer(815301076,1909f56bfc062723c751e8b465ee728b)  -> (artifact id: '597bb7ce80e7c97a2d7b1f18150cbca2') in 0.057999 seconds 
  Import took 0.061477 seconds .

========================================================================
Received Import Request.
  Time since last request: 0.000163 seconds.
  path: Assets/Outdoor Assets/gustavo/source/TexturesCom_Pavement_Square_1K_normal.jpg
  artifactKey: Guid(bc03249b7fa36834693810118770ad59) Importer(815301076,1909f56bfc062723c751e8b465ee728b)
Start importing Assets/Outdoor Assets/gustavo/source/TexturesCom_Pavement_Square_1K_normal.jpg using Guid(bc03249b7fa36834693810118770ad59) Importer(815301076,1909f56bfc062723c751e8b465ee728b)  -> (artifact id: '1c9e6c97ce6b292d791373a2df3d19dd') in 0.059410 seconds 
  Import took 0.062744 seconds .

========================================================================
Received Import Request.
  Time since last request: 0.000176 seconds.
  path: Assets/Outdoor Assets/gustavo/source/Material #2146797736.mat
  artifactKey: Guid(be284c73abe81d2489b98b40b84b3f47) Importer(815301076,1909f56bfc062723c751e8b465ee728b)
Start importing Assets/Outdoor Assets/gustavo/source/Material #2146797736.mat using Guid(be284c73abe81d2489b98b40b84b3f47) Importer(815301076,1909f56bfc062723c751e8b465ee728b)  -> (artifact id: '4fe86b21a48576d594ba11a0df6f17e3') in 0.011342 seconds 
  Import took 0.014511 seconds .

========================================================================
Received Import Request.
  Time since last request: 0.000161 seconds.
  path: Assets/Outdoor Assets/gustavo/source/4_Metal_Stainless.mat
  artifactKey: Guid(d6b475e7fb509bd4c997ce2dd0394058) Importer(815301076,1909f56bfc062723c751e8b465ee728b)
Start importing Assets/Outdoor Assets/gustavo/source/4_Metal_Stainless.mat using Guid(d6b475e7fb509bd4c997ce2dd0394058) Importer(815301076,1909f56bfc062723c751e8b465ee728b)  -> (artifact id: '0f7cde312d541f910d809f789607d2c7') in 0.011543 seconds 
  Import took 0.015221 seconds .

========================================================================
Received Import Request.
  Time since last request: 0.000168 seconds.
  path: Assets/Outdoor Assets/gustavo/source/Material #68.mat
  artifactKey: Guid(c177b8da7624b8d4687fa53f2f0290b0) Importer(815301076,1909f56bfc062723c751e8b465ee728b)
Start importing Assets/Outdoor Assets/gustavo/source/Material #68.mat using Guid(c177b8da7624b8d4687fa53f2f0290b0) Importer(815301076,1909f56bfc062723c751e8b465ee728b)  -> (artifact id: 'cf131514cf1c1adf574c1e073a7add5f') in 0.012313 seconds 
  Import took 0.015846 seconds .

========================================================================
Received Import Request.
  Time since last request: 0.000166 seconds.
  path: Assets/Outdoor Assets/gustavo/source/0136_Charcoal.mat
  artifactKey: Guid(29f3eab2c78da054e908cc81944300b4) Importer(815301076,1909f56bfc062723c751e8b465ee728b)
Start importing Assets/Outdoor Assets/gustavo/source/0136_Charcoal.mat using Guid(29f3eab2c78da054e908cc81944300b4) Importer(815301076,1909f56bfc062723c751e8b465ee728b)  -> (artifact id: '20340d02f8a04561edbe519865de8086') in 0.011269 seconds 
  Import took 0.014782 seconds .

========================================================================
Received Import Request.
  Time since last request: 0.000151 seconds.
  path: Assets/Outdoor Assets/gustavo/source/Material #39.mat
  artifactKey: Guid(958904a76059cb349913fe9cb9a03b2d) Importer(815301076,1909f56bfc062723c751e8b465ee728b)
Start importing Assets/Outdoor Assets/gustavo/source/Material #39.mat using Guid(958904a76059cb349913fe9cb9a03b2d) Importer(815301076,1909f56bfc062723c751e8b465ee728b)  -> (artifact id: '28ea3f9f250c235f21e5bd6c133d0d4e') in 0.011402 seconds 
  Import took 0.014691 seconds .

========================================================================
Received Import Request.
  Time since last request: 0.000157 seconds.
  path: Assets/Outdoor Assets/gustavo/source/3d66Model-706270-files-27.jpg
  artifactKey: Guid(7a84c3a2babef9346bd2577910037fcf) Importer(815301076,1909f56bfc062723c751e8b465ee728b)
Start importing Assets/Outdoor Assets/gustavo/source/3d66Model-706270-files-27.jpg using Guid(7a84c3a2babef9346bd2577910037fcf) Importer(815301076,1909f56bfc062723c751e8b465ee728b)  -> (artifact id: '1f9b219dd2372da1e182fee29993db1d') in 0.022752 seconds 
  Import took 0.026278 seconds .

========================================================================
Received Import Request.
  Time since last request: 0.000192 seconds.
  path: Assets/Outdoor Assets/gustavo/source/Material #160.mat
  artifactKey: Guid(e0826509ca97c00489eced72f7d9d7da) Importer(815301076,1909f56bfc062723c751e8b465ee728b)
Start importing Assets/Outdoor Assets/gustavo/source/Material #160.mat using Guid(e0826509ca97c00489eced72f7d9d7da) Importer(815301076,1909f56bfc062723c751e8b465ee728b)  -> (artifact id: 'b799743c27c8c5cecbb9425950038467') in 0.011530 seconds 
  Import took 0.015165 seconds .

========================================================================
Received Import Request.
  Time since last request: 0.000177 seconds.
  path: Assets/Outdoor Assets/gustavo/source/4_Metal_White_Glossy.mat
  artifactKey: Guid(4ae40ce8f722a2344a2fa3b0030e2d3f) Importer(815301076,1909f56bfc062723c751e8b465ee728b)
Start importing Assets/Outdoor Assets/gustavo/source/4_Metal_White_Glossy.mat using Guid(4ae40ce8f722a2344a2fa3b0030e2d3f) Importer(815301076,1909f56bfc062723c751e8b465ee728b)  -> (artifact id: '2e47195fffd72a6204b1a6c2d7490026') in 0.011413 seconds 
  Import took 0.015377 seconds .

========================================================================
Received Import Request.
  Time since last request: 0.000175 seconds.
  path: Assets/Outdoor Assets/gustavo/source/TexturesCom_WoodFine0014_seamless_S.jpg
  artifactKey: Guid(8ac027480ede1f44e9f69e553dc41ab9) Importer(815301076,1909f56bfc062723c751e8b465ee728b)
Start importing Assets/Outdoor Assets/gustavo/source/TexturesCom_WoodFine0014_seamless_S.jpg using Guid(8ac027480ede1f44e9f69e553dc41ab9) Importer(815301076,1909f56bfc062723c751e8b465ee728b)  -> (artifact id: 'a3c3eb616e88f8c599568544a98e5123') in 0.058701 seconds 
  Import took 0.062129 seconds .

========================================================================
Received Import Request.
  Time since last request: 0.000172 seconds.
  path: Assets/Outdoor Assets/gustavo/source/piso02.jpg
  artifactKey: Guid(2a396329f125c194a8fc1d2f3c4d402d) Importer(815301076,1909f56bfc062723c751e8b465ee728b)
Start importing Assets/Outdoor Assets/gustavo/source/piso02.jpg using Guid(2a396329f125c194a8fc1d2f3c4d402d) Importer(815301076,1909f56bfc062723c751e8b465ee728b)  -> (artifact id: '76c36913edb8b468a4d9af626f2ad661') in 0.202940 seconds 
  Import took 0.206117 seconds .

========================================================================
Received Import Request.
  Time since last request: 0.000178 seconds.
  path: Assets/Outdoor Assets/gustavo/source/vray Material #2146797736.mat
  artifactKey: Guid(ef7271a0bb9a3d1478ce7ac578e21366) Importer(815301076,1909f56bfc062723c751e8b465ee728b)
Start importing Assets/Outdoor Assets/gustavo/source/vray Material #2146797736.mat using Guid(ef7271a0bb9a3d1478ce7ac578e21366) Importer(815301076,1909f56bfc062723c751e8b465ee728b)  -> (artifact id: 'f4ca98b014091d4431a91eb0f09e7f9a') in 0.011026 seconds 
  Import took 0.014271 seconds .

========================================================================
Received Import Request.
  Time since last request: 0.000160 seconds.
  path: Assets/Outdoor Assets/gustavo/source/fern1_smaller_cleaadsfasd01w56016n_smaller.mat
  artifactKey: Guid(4cad282498fae21488931e1c023f84fa) Importer(815301076,1909f56bfc062723c751e8b465ee728b)
Start importing Assets/Outdoor Assets/gustavo/source/fern1_smaller_cleaadsfasd01w56016n_smaller.mat using Guid(4cad282498fae21488931e1c023f84fa) Importer(815301076,1909f56bfc062723c751e8b465ee728b)  -> (artifact id: '8b0996503e4576d67a904d9537c06f48') in 0.063885 seconds 
  Import took 0.067341 seconds .

========================================================================
Received Import Request.
  Time since last request: 0.000162 seconds.
  path: Assets/Outdoor Assets/gustavo/source/[Metal_Corrogated_Shiny]35.mat
  artifactKey: Guid(6247ec14c651b9041b1c5e7e38f6a877) Importer(815301076,1909f56bfc062723c751e8b465ee728b)
Start importing Assets/Outdoor Assets/gustavo/source/[Metal_Corrogated_Shiny]35.mat using Guid(6247ec14c651b9041b1c5e7e38f6a877) Importer(815301076,1909f56bfc062723c751e8b465ee728b)  -> (artifact id: 'f9a3f1bd1273062f3fe02fe64e34ed2b') in 0.011206 seconds 
  Import took 0.014214 seconds .

========================================================================
Received Import Request.
  Time since last request: 0.000172 seconds.
  path: Assets/Outdoor Assets/gustavo/source/TexturesCom_WoodFine0014_seamless_Sp.jpg
  artifactKey: Guid(49ee801eb7276c84095b7abfb88526b9) Importer(815301076,1909f56bfc062723c751e8b465ee728b)
Start importing Assets/Outdoor Assets/gustavo/source/TexturesCom_WoodFine0014_seamless_Sp.jpg using Guid(49ee801eb7276c84095b7abfb88526b9) Importer(815301076,1909f56bfc062723c751e8b465ee728b)  -> (artifact id: 'acd7eebbe2acd3aabaaf3da5005c146d') in 0.058701 seconds 
  Import took 0.062237 seconds .

========================================================================
Received Import Request.
  Time since last request: 0.000167 seconds.
  path: Assets/Outdoor Assets/gustavo/source/40178361_843141806075103_2647108930026602496_n - Copia.jpg
  artifactKey: Guid(e9e0a1203010f1a4098c9429375162e9) Importer(815301076,1909f56bfc062723c751e8b465ee728b)
Start importing Assets/Outdoor Assets/gustavo/source/40178361_843141806075103_2647108930026602496_n - Copia.jpg using Guid(e9e0a1203010f1a4098c9429375162e9) Importer(815301076,1909f56bfc062723c751e8b465ee728b)  -> (artifact id: '0d71793603433211a13041596af1a493') in 0.058185 seconds 
  Import took 0.061407 seconds .

========================================================================
Received Import Request.
  Time since last request: 0.000166 seconds.
  path: Assets/Outdoor Assets/gustavo/source/vray A-11262.mat
  artifactKey: Guid(014886ede7d2c884da26bab8fa0ff296) Importer(815301076,1909f56bfc062723c751e8b465ee728b)
Start importing Assets/Outdoor Assets/gustavo/source/vray A-11262.mat using Guid(014886ede7d2c884da26bab8fa0ff296) Importer(815301076,1909f56bfc062723c751e8b465ee728b)  -> (artifact id: '9fbfed7c1342c3359962affe69fc76bd') in 0.011170 seconds 
  Import took 0.015114 seconds .

========================================================================
Received Import Request.
  Time since last request: 0.000233 seconds.
  path: Assets/Outdoor Assets/gustavo/source/adesivo-de-parede-papel-parede-madeira-creme-madeira-marron.jpg
  artifactKey: Guid(259533b58574b9c45bc9916d75bad9a1) Importer(815301076,1909f56bfc062723c751e8b465ee728b)
Start importing Assets/Outdoor Assets/gustavo/source/adesivo-de-parede-papel-parede-madeira-creme-madeira-marron.jpg using Guid(259533b58574b9c45bc9916d75bad9a1) Importer(815301076,1909f56bfc062723c751e8b465ee728b)  -> (artifact id: '948b914de33305cb5f5b4053647f8299') in 0.060259 seconds 
  Import took 0.063981 seconds .

========================================================================
Received Import Request.
  Time since last request: 0.000157 seconds.
  path: Assets/Outdoor Assets/gustavo/source/Material #2146797735.mat
  artifactKey: Guid(d210bcf0b0f95f64595e58fa18616370) Importer(815301076,1909f56bfc062723c751e8b465ee728b)
Start importing Assets/Outdoor Assets/gustavo/source/Material #2146797735.mat using Guid(d210bcf0b0f95f64595e58fa18616370) Importer(815301076,1909f56bfc062723c751e8b465ee728b)  -> (artifact id: '200198ea8fe3a062544610c84df96e43') in 0.011380 seconds 
  Import took 0.014452 seconds .

========================================================================
Received Import Request.
  Time since last request: 0.000163 seconds.
  path: Assets/Outdoor Assets/gustavo/source/vray Cromado Fosco Geladeira.mat
  artifactKey: Guid(07f70fa33ecfa9f4ba47109eaa71ba9c) Importer(815301076,1909f56bfc062723c751e8b465ee728b)
Start importing Assets/Outdoor Assets/gustavo/source/vray Cromado Fosco Geladeira.mat using Guid(07f70fa33ecfa9f4ba47109eaa71ba9c) Importer(815301076,1909f56bfc062723c751e8b465ee728b)  -> (artifact id: '3b6d7c3fa0578f9bf34847f6e572840f') in 0.012304 seconds 
  Import took 0.015944 seconds .

========================================================================
Received Import Request.
  Time since last request: 0.000158 seconds.
  path: Assets/Outdoor Assets/gustavo/source/0137_Black.mat
  artifactKey: Guid(3b00e8e9c715c0444934e155498bb915) Importer(815301076,1909f56bfc062723c751e8b465ee728b)
Start importing Assets/Outdoor Assets/gustavo/source/0137_Black.mat using Guid(3b00e8e9c715c0444934e155498bb915) Importer(815301076,1909f56bfc062723c751e8b465ee728b)  -> (artifact id: '8f240b6f84d78fdde416b992d6392beb') in 0.011855 seconds 
  Import took 0.015302 seconds .

========================================================================
Received Import Request.
  Time since last request: 0.000173 seconds.
  path: Assets/Outdoor Assets/gustavo/source/Aglaonema_SW.png
  artifactKey: Guid(8e6d16d0ffe05b44994b1f32c067fefd) Importer(815301076,1909f56bfc062723c751e8b465ee728b)
Start importing Assets/Outdoor Assets/gustavo/source/Aglaonema_SW.png using Guid(8e6d16d0ffe05b44994b1f32c067fefd) Importer(815301076,1909f56bfc062723c751e8b465ee728b)  -> (artifact id: '23b632a0972c6fcabee92a7c96c44b94') in 0.027292 seconds 
  Import took 0.030455 seconds .

========================================================================
Received Import Request.
  Time since last request: 0.000188 seconds.
  path: Assets/Outdoor Assets/gustavo/source/4_Ceramic.mat
  artifactKey: Guid(45fe3660de8e29a4487d10a16e36f6b1) Importer(815301076,1909f56bfc062723c751e8b465ee728b)
Start importing Assets/Outdoor Assets/gustavo/source/4_Ceramic.mat using Guid(45fe3660de8e29a4487d10a16e36f6b1) Importer(815301076,1909f56bfc062723c751e8b465ee728b)  -> (artifact id: '4880cbc9a806bf63880aa96f6d88a524') in 0.011759 seconds 
  Import took 0.015326 seconds .

========================================================================
Received Import Request.
  Time since last request: 0.000187 seconds.
  path: Assets/Outdoor Assets/gustavo/source/vray Material #2146797735.mat
  artifactKey: Guid(eb3287320b4d57041b04e613d9a8475e) Importer(815301076,1909f56bfc062723c751e8b465ee728b)
Start importing Assets/Outdoor Assets/gustavo/source/vray Material #2146797735.mat using Guid(eb3287320b4d57041b04e613d9a8475e) Importer(815301076,1909f56bfc062723c751e8b465ee728b)  -> (artifact id: 'd28d2d702bac030a3eb0104e2ec0a3c8') in 0.011659 seconds 
  Import took 0.015319 seconds .

========================================================================
Received Import Request.
  Time since last request: 0.000194 seconds.
  path: Assets/Outdoor Assets/gustavo/source/07 - Copia.jpg
  artifactKey: Guid(e25ab9d49c4591a468450f6313f739cc) Importer(815301076,1909f56bfc062723c751e8b465ee728b)
Start importing Assets/Outdoor Assets/gustavo/source/07 - Copia.jpg using Guid(e25ab9d49c4591a468450f6313f739cc) Importer(815301076,1909f56bfc062723c751e8b465ee728b)  -> (artifact id: '45bb34bed5945b511a4e89db210b1acb') in 0.023195 seconds 
  Import took 0.027271 seconds .

========================================================================
Received Import Request.
  Time since last request: 0.000228 seconds.
  path: Assets/Outdoor Assets/gustavo/source/Material #36.mat
  artifactKey: Guid(c5468b5f39a77f44cab5dc2f82bb3ccb) Importer(815301076,1909f56bfc062723c751e8b465ee728b)
Start importing Assets/Outdoor Assets/gustavo/source/Material #36.mat using Guid(c5468b5f39a77f44cab5dc2f82bb3ccb) Importer(815301076,1909f56bfc062723c751e8b465ee728b)  -> (artifact id: '0778267e8715c3aeaf5286a53981905c') in 0.010617 seconds 
  Import took 0.014624 seconds .

========================================================================
Received Import Request.
  Time since last request: 0.000187 seconds.
  path: Assets/Outdoor Assets/gustavo/source/0133_Gray.mat
  artifactKey: Guid(9d1761919fe7ad1478abe072e87f7449) Importer(815301076,1909f56bfc062723c751e8b465ee728b)
Start importing Assets/Outdoor Assets/gustavo/source/0133_Gray.mat using Guid(9d1761919fe7ad1478abe072e87f7449) Importer(815301076,1909f56bfc062723c751e8b465ee728b)  -> (artifact id: '7a52d7289d9902d1513cb38d77c081c2') in 0.013100 seconds 
  Import took 0.016975 seconds .

========================================================================
Received Import Request.
  Time since last request: 0.000184 seconds.
  path: Assets/Outdoor Assets/gustavo/source/40313579_843141879408429_370099372005785600_n.jpg
  artifactKey: Guid(24449031b5b3df04790f08a7644c3e1b) Importer(815301076,1909f56bfc062723c751e8b465ee728b)
Start importing Assets/Outdoor Assets/gustavo/source/40313579_843141879408429_370099372005785600_n.jpg using Guid(24449031b5b3df04790f08a7644c3e1b) Importer(815301076,1909f56bfc062723c751e8b465ee728b)  -> (artifact id: '516773e7ebd22505246440d71dc946d0') in 0.060045 seconds 
  Import took 0.063774 seconds .

========================================================================
Received Import Request.
  Time since last request: 0.000163 seconds.
  path: Assets/Outdoor Assets/gustavo/source/TexturesCom_Tiles_3DGeometric_1K_normal.jpg
  artifactKey: Guid(7c6ea1e7a1937944fb2f842e6d1cbaf3) Importer(815301076,1909f56bfc062723c751e8b465ee728b)
Start importing Assets/Outdoor Assets/gustavo/source/TexturesCom_Tiles_3DGeometric_1K_normal.jpg using Guid(7c6ea1e7a1937944fb2f842e6d1cbaf3) Importer(815301076,1909f56bfc062723c751e8b465ee728b)  -> (artifact id: 'd91ff252b2d3e496ae1210840741f291') in 0.057903 seconds 
  Import took 0.061236 seconds .

========================================================================
Received Import Request.
  Time since last request: 0.000160 seconds.
  path: Assets/Outdoor Assets/gustavo/source/TexturesCom_Brick_Modern_1K_roughness.jpg
  artifactKey: Guid(91f4cb7a3d1b46b489ab9a850455d4fe) Importer(815301076,1909f56bfc062723c751e8b465ee728b)
Start importing Assets/Outdoor Assets/gustavo/source/TexturesCom_Brick_Modern_1K_roughness.jpg using Guid(91f4cb7a3d1b46b489ab9a850455d4fe) Importer(815301076,1909f56bfc062723c751e8b465ee728b)  -> (artifact id: '8f95de47da33cce1e9ea454b80ce8f01') in 0.057184 seconds 
  Import took 0.060253 seconds .

========================================================================
Received Import Request.
  Time since last request: 0.000239 seconds.
  path: Assets/Outdoor Assets/gustavo/source/textile_DIFFUSE_10.jpg
  artifactKey: Guid(794b758a58eae33469a2d2071cdb96a1) Importer(815301076,1909f56bfc062723c751e8b465ee728b)
Start importing Assets/Outdoor Assets/gustavo/source/textile_DIFFUSE_10.jpg using Guid(794b758a58eae33469a2d2071cdb96a1) Importer(815301076,1909f56bfc062723c751e8b465ee728b)  -> (artifact id: '3dbe06b6763af8cd5d451ce860b804ea') in 0.056914 seconds 
  Import took 0.060074 seconds .

========================================================================
Received Import Request.
  Time since last request: 0.000157 seconds.
  path: Assets/Outdoor Assets/gustavo/source/Prof. Ronaldo Luidi - Crinum Lily Folha 1.jpg
  artifactKey: Guid(6bb1d65b2caefdb41a846aa9a97e2f5b) Importer(815301076,1909f56bfc062723c751e8b465ee728b)
Start importing Assets/Outdoor Assets/gustavo/source/Prof. Ronaldo Luidi - Crinum Lily Folha 1.jpg using Guid(6bb1d65b2caefdb41a846aa9a97e2f5b) Importer(815301076,1909f56bfc062723c751e8b465ee728b)  -> (artifact id: '997589283281679aaf2673c4b13b7220') in 0.023706 seconds 
  Import took 0.026770 seconds .

========================================================================
Received Import Request.
  Time since last request: 0.000160 seconds.
  path: Assets/Outdoor Assets/gustavo/source/Metal.mat
  artifactKey: Guid(01708ae4fa8e318408df9a20d9ac3d18) Importer(815301076,1909f56bfc062723c751e8b465ee728b)
Start importing Assets/Outdoor Assets/gustavo/source/Metal.mat using Guid(01708ae4fa8e318408df9a20d9ac3d18) Importer(815301076,1909f56bfc062723c751e8b465ee728b)  -> (artifact id: '734d6588431befcc444707c5be9a9e79') in 0.011182 seconds 
  Import took 0.015087 seconds .

========================================================================
Received Import Request.
  Time since last request: 0.000221 seconds.
  path: Assets/Outdoor Assets/gustavo/source/Prof. Ronaldo Luidi - Philodendron Erubescens Folha.jpg
  artifactKey: Guid(e85639b77c2fa664888feff6db0497ea) Importer(815301076,1909f56bfc062723c751e8b465ee728b)
Start importing Assets/Outdoor Assets/gustavo/source/Prof. Ronaldo Luidi - Philodendron Erubescens Folha.jpg using Guid(e85639b77c2fa664888feff6db0497ea) Importer(815301076,1909f56bfc062723c751e8b465ee728b)  -> (artifact id: 'a55dad7e2b73909f881a128a06cb8e89') in 0.201726 seconds 
  Import took 0.205177 seconds .

========================================================================
Received Import Request.
  Time since last request: 0.000166 seconds.
  path: Assets/Outdoor Assets/gustavo/source/produto-14-5ca794c490e7f.jpg
  artifactKey: Guid(0f114bdd9aeb96741a6f2aa72724305b) Importer(815301076,1909f56bfc062723c751e8b465ee728b)
Start importing Assets/Outdoor Assets/gustavo/source/produto-14-5ca794c490e7f.jpg using Guid(0f114bdd9aeb96741a6f2aa72724305b) Importer(815301076,1909f56bfc062723c751e8b465ee728b)  -> (artifact id: 'cb1f1032f6eb9ffeb7d7e0e630115ca5') in 0.058437 seconds 
  Import took 0.061472 seconds .

========================================================================
Received Import Request.
  Time since last request: 0.000174 seconds.
  path: Assets/Outdoor Assets/gustavo/source/Material #2146797773.mat
  artifactKey: Guid(707e766ae1e0d83499e996c98ed51831) Importer(815301076,1909f56bfc062723c751e8b465ee728b)
Start importing Assets/Outdoor Assets/gustavo/source/Material #2146797773.mat using Guid(707e766ae1e0d83499e996c98ed51831) Importer(815301076,1909f56bfc062723c751e8b465ee728b)  -> (artifact id: '8e68b2ce4d486828e4a8c489fc0e1698') in 0.012917 seconds 
  Import took 0.016561 seconds .

========================================================================
Received Import Request.
  Time since last request: 0.000170 seconds.
  path: Assets/Outdoor Assets/gustavo/source/Material #46.mat
  artifactKey: Guid(4c44fa3c284759a49940846519a89162) Importer(815301076,1909f56bfc062723c751e8b465ee728b)
Start importing Assets/Outdoor Assets/gustavo/source/Material #46.mat using Guid(4c44fa3c284759a49940846519a89162) Importer(815301076,1909f56bfc062723c751e8b465ee728b)  -> (artifact id: 'a3e82d334cce36f96ca06025e12c6915') in 0.011000 seconds 
  Import took 0.014696 seconds .

========================================================================
Received Import Request.
  Time since last request: 0.000309 seconds.
  path: Assets/Outdoor Assets/gustavo/source/40178361_843141806075103_2647108930026602496_n.jpg
  artifactKey: Guid(1f43887a969f70a44ac3edb08497278b) Importer(815301076,1909f56bfc062723c751e8b465ee728b)
Start importing Assets/Outdoor Assets/gustavo/source/40178361_843141806075103_2647108930026602496_n.jpg using Guid(1f43887a969f70a44ac3edb08497278b) Importer(815301076,1909f56bfc062723c751e8b465ee728b)  -> (artifact id: '032eabc4528bd8f86f1d82519473702f') in 0.059436 seconds 
  Import took 0.063267 seconds .

========================================================================
Received Import Request.
  Time since last request: 0.000185 seconds.
  path: Assets/Outdoor Assets/gustavo/source/Prof. Ronaldo Luidi - Crinum Lily Folha 1.mat
  artifactKey: Guid(d7bb36e290b237b4ba52f547d75fa321) Importer(815301076,1909f56bfc062723c751e8b465ee728b)
Start importing Assets/Outdoor Assets/gustavo/source/Prof. Ronaldo Luidi - Crinum Lily Folha 1.mat using Guid(d7bb36e290b237b4ba52f547d75fa321) Importer(815301076,1909f56bfc062723c751e8b465ee728b)  -> (artifact id: 'be06728d6c23f6efa7a8a9dfeb0603da') in 0.008073 seconds 
  Import took 0.011847 seconds .

========================================================================
Received Import Request.
  Time since last request: 0.000178 seconds.
  path: Assets/Outdoor Assets/gustavo/source/TexturesCom_WoodPlanksBare0464_2_seamless_S.jpg
  artifactKey: Guid(99434bb4726d5444ab3fe2cd1b26f6a8) Importer(815301076,1909f56bfc062723c751e8b465ee728b)
Start importing Assets/Outdoor Assets/gustavo/source/TexturesCom_WoodPlanksBare0464_2_seamless_S.jpg using Guid(99434bb4726d5444ab3fe2cd1b26f6a8) Importer(815301076,1909f56bfc062723c751e8b465ee728b)  -> (artifact id: '0d5075c18cbf7419ed6d213261e1cae8') in 0.058861 seconds 
  Import took 0.062208 seconds .

========================================================================
Received Import Request.
  Time since last request: 0.000168 seconds.
  path: Assets/Outdoor Assets/gustavo/source/vray Geladeira.mat
  artifactKey: Guid(d047c54cd8b377a4684a3132fc024c50) Importer(815301076,1909f56bfc062723c751e8b465ee728b)
Start importing Assets/Outdoor Assets/gustavo/source/vray Geladeira.mat using Guid(d047c54cd8b377a4684a3132fc024c50) Importer(815301076,1909f56bfc062723c751e8b465ee728b)  -> (artifact id: '161304e0a78cfd0d1beaf9d10d9a995a') in 0.011399 seconds 
  Import took 0.014524 seconds .

========================================================================
Received Import Request.
  Time since last request: 0.000177 seconds.
  path: Assets/Outdoor Assets/gustavo/source/4_Metal_Black_Rough.mat
  artifactKey: Guid(e15a73336b6132642b1df80e40176ad1) Importer(815301076,1909f56bfc062723c751e8b465ee728b)
Start importing Assets/Outdoor Assets/gustavo/source/4_Metal_Black_Rough.mat using Guid(e15a73336b6132642b1df80e40176ad1) Importer(815301076,1909f56bfc062723c751e8b465ee728b)  -> (artifact id: 'a2902b2198aa6ae5210e5f0e9f70ef68') in 0.012586 seconds 
  Import took 0.016401 seconds .

========================================================================
Received Import Request.
  Time since last request: 0.000164 seconds.
  path: Assets/Outdoor Assets/gustavo/source/vray Material6.mat
  artifactKey: Guid(46bda97380c0b6246acba061001cc2d8) Importer(815301076,1909f56bfc062723c751e8b465ee728b)
Start importing Assets/Outdoor Assets/gustavo/source/vray Material6.mat using Guid(46bda97380c0b6246acba061001cc2d8) Importer(815301076,1909f56bfc062723c751e8b465ee728b)  -> (artifact id: '882edbac0afba395db410b8381944969') in 0.011896 seconds 
  Import took 0.015637 seconds .

========================================================================
Received Import Request.
  Time since last request: 0.000163 seconds.
  path: Assets/Outdoor Assets/gustavo/source/Material #54.mat
  artifactKey: Guid(c3389772963527045a0327cc4897934f) Importer(815301076,1909f56bfc062723c751e8b465ee728b)
Start importing Assets/Outdoor Assets/gustavo/source/Material #54.mat using Guid(c3389772963527045a0327cc4897934f) Importer(815301076,1909f56bfc062723c751e8b465ee728b)  -> (artifact id: '150625aa4f842ee3a06188500d04ef90') in 0.011634 seconds 
  Import took 0.015356 seconds .

========================================================================
Received Import Request.
  Time since last request: 0.000163 seconds.
  path: Assets/Outdoor Assets/gustavo/source/Material #57.mat
  artifactKey: Guid(f0eeeeb51c6a54e40b3a75150f153978) Importer(815301076,1909f56bfc062723c751e8b465ee728b)
Start importing Assets/Outdoor Assets/gustavo/source/Material #57.mat using Guid(f0eeeeb51c6a54e40b3a75150f153978) Importer(815301076,1909f56bfc062723c751e8b465ee728b)  -> (artifact id: 'eb3ad583aeb297955a294249db573630') in 0.011549 seconds 
  Import took 0.015439 seconds .

========================================================================
Received Import Request.
  Time since last request: 0.000184 seconds.
  path: Assets/Outdoor Assets/gustavo/source/TexturesCom_Tiles_3DGeometric_1K_roughness.jpg
  artifactKey: Guid(7d63fa89503fe554fbe1cdb32429a976) Importer(815301076,1909f56bfc062723c751e8b465ee728b)
Start importing Assets/Outdoor Assets/gustavo/source/TexturesCom_Tiles_3DGeometric_1K_roughness.jpg using Guid(7d63fa89503fe554fbe1cdb32429a976) Importer(815301076,1909f56bfc062723c751e8b465ee728b)  -> (artifact id: '7855379811a6715b49c8a9d29c9d35e3') in 0.058348 seconds 
  Import took 0.061801 seconds .

========================================================================
Received Import Request.
  Time since last request: 0.000163 seconds.
  path: Assets/Outdoor Assets/gustavo/source/vray aluminium_blurry.mat
  artifactKey: Guid(18dacb0c2ec251d4e928ff0fc069b78a) Importer(815301076,1909f56bfc062723c751e8b465ee728b)
Start importing Assets/Outdoor Assets/gustavo/source/vray aluminium_blurry.mat using Guid(18dacb0c2ec251d4e928ff0fc069b78a) Importer(815301076,1909f56bfc062723c751e8b465ee728b)  -> (artifact id: '9cc6691c66aa92e3a9cce812eaf2dc7a') in 0.011564 seconds 
  Import took 0.015118 seconds .

========================================================================
Received Import Request.
  Time since last request: 0.000221 seconds.
  path: Assets/Outdoor Assets/gustavo/source/barstool.mat
  artifactKey: Guid(5223427bb04206f438b4b8fcc40c9aa4) Importer(815301076,1909f56bfc062723c751e8b465ee728b)
Start importing Assets/Outdoor Assets/gustavo/source/barstool.mat using Guid(5223427bb04206f438b4b8fcc40c9aa4) Importer(815301076,1909f56bfc062723c751e8b465ee728b)  -> (artifact id: '461062791d178a98f00c750041a96c34') in 0.013312 seconds 
  Import took 0.016911 seconds .

========================================================================
Received Import Request.
  Time since last request: 0.000173 seconds.
  path: Assets/Outdoor Assets/gustavo/source/TexturesCom_Brick_Modern_1K_albedo.jpg
  artifactKey: Guid(525f7809a7be6b9428f30924efc59d17) Importer(815301076,1909f56bfc062723c751e8b465ee728b)
Start importing Assets/Outdoor Assets/gustavo/source/TexturesCom_Brick_Modern_1K_albedo.jpg using Guid(525f7809a7be6b9428f30924efc59d17) Importer(815301076,1909f56bfc062723c751e8b465ee728b)  -> (artifact id: '1f47738b3222958509b36758c62ad081') in 0.060657 seconds 
  Import took 0.064064 seconds .

========================================================================
Received Import Request.
  Time since last request: 0.000162 seconds.
  path: Assets/Outdoor Assets/gustavo/source/TexturesCom_Brick_Modern_1K_normal.jpg
  artifactKey: Guid(3f0252cf03dc48e499bb65691e1102e9) Importer(815301076,1909f56bfc062723c751e8b465ee728b)
Start importing Assets/Outdoor Assets/gustavo/source/TexturesCom_Brick_Modern_1K_normal.jpg using Guid(3f0252cf03dc48e499bb65691e1102e9) Importer(815301076,1909f56bfc062723c751e8b465ee728b)  -> (artifact id: '4bfecffb6c1e8e96111cc5a90c3db245') in 0.058541 seconds 
  Import took 0.061748 seconds .

========================================================================
Received Import Request.
  Time since last request: 0.000156 seconds.
  path: Assets/Outdoor Assets/gustavo/source/4_Metal_Chrome.mat
  artifactKey: Guid(af3105b87b2f40f40b4d9848eca21189) Importer(815301076,1909f56bfc062723c751e8b465ee728b)
Start importing Assets/Outdoor Assets/gustavo/source/4_Metal_Chrome.mat using Guid(af3105b87b2f40f40b4d9848eca21189) Importer(815301076,1909f56bfc062723c751e8b465ee728b)  -> (artifact id: '6abd3d76f61294fb9b7119e1f66d2843') in 0.013033 seconds 
  Import took 0.016374 seconds .

========================================================================
Received Import Request.
  Time since last request: 0.000183 seconds.
  path: Assets/Outdoor Assets/gustavo/source/Color_008.mat
  artifactKey: Guid(0953040a935290341b4233130547546f) Importer(815301076,1909f56bfc062723c751e8b465ee728b)
Start importing Assets/Outdoor Assets/gustavo/source/Color_008.mat using Guid(0953040a935290341b4233130547546f) Importer(815301076,1909f56bfc062723c751e8b465ee728b)  -> (artifact id: '6b80f846e3d1c8da1c61cadc1278d58a') in 0.011220 seconds 
  Import took 0.014764 seconds .

========================================================================
Received Import Request.
  Time since last request: 0.000172 seconds.
  path: Assets/Outdoor Assets/gustavo/source/799f46cbbea295dae197b52a880bb576.jpg
  artifactKey: Guid(62c2406f3b0e1b448b090e5e0c99946f) Importer(815301076,1909f56bfc062723c751e8b465ee728b)
Start importing Assets/Outdoor Assets/gustavo/source/799f46cbbea295dae197b52a880bb576.jpg using Guid(62c2406f3b0e1b448b090e5e0c99946f) Importer(815301076,1909f56bfc062723c751e8b465ee728b)  -> (artifact id: 'be3f03fca69520f307fc3959b35674f0') in 0.057488 seconds 
  Import took 0.060848 seconds .

========================================================================
Received Import Request.
  Time since last request: 0.000196 seconds.
  path: Assets/Outdoor Assets/gustavo/source/TexturesCom_Carpet0004_1_seamless_S.jpg
  artifactKey: Guid(c251123fb56e065448ac23119ea53052) Importer(815301076,1909f56bfc062723c751e8b465ee728b)
Start importing Assets/Outdoor Assets/gustavo/source/TexturesCom_Carpet0004_1_seamless_S.jpg using Guid(c251123fb56e065448ac23119ea53052) Importer(815301076,1909f56bfc062723c751e8b465ee728b)  -> (artifact id: 'afcf51781a814592fbf221e88a5750e5') in 0.059418 seconds 
  Import took 0.063461 seconds .

========================================================================
Received Import Request.
  Time since last request: 0.000158 seconds.
  path: Assets/Outdoor Assets/gustavo/source/TexturesCom_Stucco3_1x1_1K_normal.tif
  artifactKey: Guid(6d1e5ceeef0933141aae8d39a0f24297) Importer(815301076,1909f56bfc062723c751e8b465ee728b)
Start importing Assets/Outdoor Assets/gustavo/source/TexturesCom_Stucco3_1x1_1K_normal.tif using Guid(6d1e5ceeef0933141aae8d39a0f24297) Importer(815301076,1909f56bfc062723c751e8b465ee728b)  -> (artifact id: 'f8759ef53c2f6e025ee97c08cd69e228') in 0.060930 seconds 
  Import took 0.064137 seconds .

========================================================================
Received Import Request.
  Time since last request: 0.000166 seconds.
  path: Assets/Outdoor Assets/gustavo/source/TexturesCom_MarbleBase0183_2_seamless_S.jpg
  artifactKey: Guid(788c8909a6144804a8dc10fd17b3d2aa) Importer(815301076,1909f56bfc062723c751e8b465ee728b)
Start importing Assets/Outdoor Assets/gustavo/source/TexturesCom_MarbleBase0183_2_seamless_S.jpg using Guid(788c8909a6144804a8dc10fd17b3d2aa) Importer(815301076,1909f56bfc062723c751e8b465ee728b)  -> (artifact id: 'dbfd5ace74572aee8ba0a63220b13efb') in 0.024907 seconds 
  Import took 0.028248 seconds .

========================================================================
Received Import Request.
  Time since last request: 0.000150 seconds.
  path: Assets/Outdoor Assets/gustavo/source/Prof. Ronaldo Luidi - Philodendron Erubescens Caule.mat
  artifactKey: Guid(f4168c9cce84db844ada969140b94dab) Importer(815301076,1909f56bfc062723c751e8b465ee728b)
Start importing Assets/Outdoor Assets/gustavo/source/Prof. Ronaldo Luidi - Philodendron Erubescens Caule.mat using Guid(f4168c9cce84db844ada969140b94dab) Importer(815301076,1909f56bfc062723c751e8b465ee728b)  -> (artifact id: 'ece3d4b5949685b1dda0137691466e78') in 0.011605 seconds 
  Import took 0.015365 seconds .

========================================================================
Received Import Request.
  Time since last request: 0.000190 seconds.
  path: Assets/Outdoor Assets/gustavo/source/piso-ceram2.jpg
  artifactKey: Guid(d01d45dde1eabcb478697046e75b1ff5) Importer(815301076,1909f56bfc062723c751e8b465ee728b)
Start importing Assets/Outdoor Assets/gustavo/source/piso-ceram2.jpg using Guid(d01d45dde1eabcb478697046e75b1ff5) Importer(815301076,1909f56bfc062723c751e8b465ee728b)  -> (artifact id: 'bc6437a15fa5fb1b10dda72f9ea5381f') in 0.202288 seconds 
  Import took 0.205819 seconds .

========================================================================
Received Import Request.
  Time since last request: 0.000175 seconds.
  path: Assets/Outdoor Assets/gustavo/source/TexturesCom_WoodFine0014_seamless_N.jpg
  artifactKey: Guid(e7e754b628174ce4c8495c9219efa330) Importer(815301076,1909f56bfc062723c751e8b465ee728b)
Start importing Assets/Outdoor Assets/gustavo/source/TexturesCom_WoodFine0014_seamless_N.jpg using Guid(e7e754b628174ce4c8495c9219efa330) Importer(815301076,1909f56bfc062723c751e8b465ee728b)  -> (artifact id: '5d1cee750b241f45c95ea865339e7ca3') in 0.056136 seconds 
  Import took 0.059300 seconds .

========================================================================
Received Import Request.
  Time since last request: 0.000172 seconds.
  path: Assets/Outdoor Assets/gustavo/source/fern1_smaller_clea0150150n_nt.png
  artifactKey: Guid(e4590415605bbe049818b6e7c769a589) Importer(815301076,1909f56bfc062723c751e8b465ee728b)
Start importing Assets/Outdoor Assets/gustavo/source/fern1_smaller_clea0150150n_nt.png using Guid(e4590415605bbe049818b6e7c769a589) Importer(815301076,1909f56bfc062723c751e8b465ee728b)  -> (artifact id: 'e78fe4488fbe45cdd472f302c5180c98') in 0.061636 seconds 
  Import took 0.064733 seconds .

========================================================================
Received Import Request.
  Time since last request: 0.000166 seconds.
  path: Assets/Outdoor Assets/gustavo/source/skp_front_default.mat
  artifactKey: Guid(aa8c6be721e0da64cb56794906697c32) Importer(815301076,1909f56bfc062723c751e8b465ee728b)
Start importing Assets/Outdoor Assets/gustavo/source/skp_front_default.mat using Guid(aa8c6be721e0da64cb56794906697c32) Importer(815301076,1909f56bfc062723c751e8b465ee728b)  -> (artifact id: '08958c16d02aa4ed3938cbc92216804d') in 0.010532 seconds 
  Import took 0.013677 seconds .

========================================================================
Received Import Request.
  Time since last request: 0.000164 seconds.
  path: Assets/Outdoor Assets/gustavo/source/Metal_Corrogated_Shiny.jpg
  artifactKey: Guid(44acb92540d22f74d9201c8584e37d1d) Importer(815301076,1909f56bfc062723c751e8b465ee728b)
Start importing Assets/Outdoor Assets/gustavo/source/Metal_Corrogated_Shiny.jpg using Guid(44acb92540d22f74d9201c8584e37d1d) Importer(815301076,1909f56bfc062723c751e8b465ee728b)  -> (artifact id: '047ad76029aeda5410b4fc22426a3d74') in 0.012357 seconds 
  Import took 0.015974 seconds .

========================================================================
Received Import Request.
  Time since last request: 0.000307 seconds.
  path: Assets/Outdoor Assets/gustavo/source/Material #823.mat
  artifactKey: Guid(14658713259686944b714feacf669bb6) Importer(815301076,1909f56bfc062723c751e8b465ee728b)
Start importing Assets/Outdoor Assets/gustavo/source/Material #823.mat using Guid(14658713259686944b714feacf669bb6) Importer(815301076,1909f56bfc062723c751e8b465ee728b)  -> (artifact id: '9595e659799a0611f978c958f9064eac') in 0.011879 seconds 
  Import took 0.015665 seconds .

========================================================================
Received Import Request.
  Time since last request: 0.000203 seconds.
  path: Assets/Outdoor Assets/gustavo/source/[0065_Lime]1.mat
  artifactKey: Guid(2ef20878595f7d843af3c935520c1f4a) Importer(815301076,1909f56bfc062723c751e8b465ee728b)
Start importing Assets/Outdoor Assets/gustavo/source/[0065_Lime]1.mat using Guid(2ef20878595f7d843af3c935520c1f4a) Importer(815301076,1909f56bfc062723c751e8b465ee728b)  -> (artifact id: '4172c2d82d8f4a6d90f56770343f4277') in 0.014041 seconds 
  Import took 0.017837 seconds .

========================================================================
Received Import Request.
  Time since last request: 0.000183 seconds.
  path: Assets/Outdoor Assets/gustavo/source/4_Metal_Black_Glossy.mat
  artifactKey: Guid(0d686fe39c2376241846cf7c66c5c708) Importer(815301076,1909f56bfc062723c751e8b465ee728b)
Start importing Assets/Outdoor Assets/gustavo/source/4_Metal_Black_Glossy.mat using Guid(0d686fe39c2376241846cf7c66c5c708) Importer(815301076,1909f56bfc062723c751e8b465ee728b)  -> (artifact id: '10f1d3fb108db6847cb0c17bd8effd24') in 0.012153 seconds 
  Import took 0.015720 seconds .

========================================================================
Received Import Request.
  Time since last request: 0.000205 seconds.
  path: Assets/Outdoor Assets/gustavo/source/3605-bump.jpg
  artifactKey: Guid(f5fc8ea1f2c413340a82ef62914e82e3) Importer(815301076,1909f56bfc062723c751e8b465ee728b)
Start importing Assets/Outdoor Assets/gustavo/source/3605-bump.jpg using Guid(f5fc8ea1f2c413340a82ef62914e82e3) Importer(815301076,1909f56bfc062723c751e8b465ee728b)  -> (artifact id: '436577adc145ac1cedede29c21721387') in 0.024553 seconds 
  Import took 0.028684 seconds .

========================================================================
Received Prepare
Registering precompiled user dll's ...
Registered in 0.003651 seconds.
Begin MonoManager ReloadAssembly
Native extension for WindowsStandalone target not found
Native extension for WebGL target not found
Refreshing native plugins compatible for Editor in 0.75 ms, found 3 plugins.
Preloading 0 native plugins for Editor in 0.00 ms.
Mono: successfully reloaded assembly
- Completed reload, in  1.106 seconds
Domain Reload Profiling:
	ReloadAssembly (1107ms)
		BeginReloadAssembly (160ms)
			ExecutionOrderSort (0ms)
			DisableScriptedObjects (3ms)
			BackupInstance (0ms)
			ReleaseScriptingObjects (0ms)
			CreateAndSetChildDomain (50ms)
		EndReloadAssembly (790ms)
			LoadAssemblies (116ms)
			RebuildTransferFunctionScriptingTraits (0ms)
			SetupTypeCache (239ms)
			ReleaseScriptCaches (1ms)
			RebuildScriptCaches (37ms)
			SetupLoadedEditorAssemblies (317ms)
				LogAssemblyErrors (0ms)
				InitializePlatformSupportModulesInManaged (4ms)
				SetLoadedEditorAssemblies (0ms)
				RefreshPlugins (1ms)
				BeforeProcessingInitializeOnLoad (60ms)
				ProcessInitializeOnLoadAttributes (233ms)
				ProcessInitializeOnLoadMethodAttributes (13ms)
				AfterProcessingInitializeOnLoad (5ms)
				EditorAssembliesLoaded (0ms)
			ExecutionOrderSort2 (0ms)
			AwakeInstancesAfterBackupRestoration (6ms)
Platform modules already initialized, skipping
Switching build target platform(19) subTarget(0) extendedPlatform(0) -> platform(9) subTarget(16777218) extendedPlatform(0)
Refreshing native plugins compatible for Editor in 0.64 ms, found 3 plugins.
Preloading 0 native plugins for Editor in 0.00 ms.
Unloading 2205 Unused Serialized files (Serialized files now loaded: 0)
System memory in use before: 145.1 MB.
System memory in use after: 145.3 MB.

Unloading 18 unused Assets to reduce memory usage. Loaded Objects now: 2853.
Total: 2.893400 ms (FindLiveObjects: 0.211600 ms CreateObjectMapping: 0.085000 ms MarkObjects: 2.578600 ms  DeleteObjects: 0.017100 ms)

AssetImportParameters requested are different than current active one (requested -> active):
  custom:framework-win-MediaFoundation: 216162199b28c13a410421893ffa2e32 -> 
  custom:video-decoder-ogg-theora: a1e56fd34408186e4bbccfd4996cb3dc -> 
  custom:container-muxer-webm: aa71ff27fc2769a1b78a27578f13a17b -> 
  custom:container-demuxer-webm: 4f35f7cbe854078d1ac9338744f61a02 -> 
  custom:container-demuxer-ogg: 62fdf1f143b41e24485cea50d1cbac27 -> 
  custom:video-encoder-webm-vp8: eb34c28f22e8b96e1ab97ce403110664 -> 
  custom:video-codec-MediaFoundation-h265: 746d11721c4dcdbdad8f713fa42b33f4 -> 
  custom:video-decoder-webm-vp8: 9c59270c3fd7afecdb556c50c9e8de78 -> 
  custom:graphics/normal-map-encoding: 01000000000000000000000000000000 -> 02000000000000000000000000000000
  custom:audio-decoder-ogg-vorbis: bf7c407c2cedff20999df2af8eb42d56 -> 
  custom:audio-encoder-webm-vorbis: bf7c407c2cedff20999df2af8eb42d56 -> 
